Wed Aug 27 15:31:34 EDT 2008: atos installed willeb@fornax.phys.rpi.edu
Wed Aug 27 15:31:34 EDT 2008: bodytrans installed willeb@fornax.phys.rpi.edu
Wed Aug 27 15:31:34 EDT 2008: ccddump installed willeb@fornax.phys.rpi.edu
Wed Aug 27 15:31:34 EDT 2008: ccdfits installed willeb@fornax.phys.rpi.edu
Wed Aug 27 15:31:34 EDT 2008: ccdflip installed willeb@fornax.phys.rpi.edu
Wed Aug 27 15:31:35 EDT 2008: ccdgen installed willeb@fornax.phys.rpi.edu
Wed Aug 27 15:31:35 EDT 2008: ccdmath installed willeb@fornax.phys.rpi.edu
Wed Aug 27 15:31:35 EDT 2008: ccdmom installed willeb@fornax.phys.rpi.edu
Wed Aug 27 15:31:35 EDT 2008: ccdplot installed willeb@fornax.phys.rpi.edu
Wed Aug 27 15:31:35 EDT 2008: ccdprint installed willeb@fornax.phys.rpi.edu
Wed Aug 27 15:31:35 EDT 2008: ccdsmooth installed willeb@fornax.phys.rpi.edu
Wed Aug 27 15:31:36 EDT 2008: ccdstat installed willeb@fornax.phys.rpi.edu
Wed Aug 27 15:31:36 EDT 2008: ccdvel installed willeb@fornax.phys.rpi.edu
Wed Aug 27 15:31:36 EDT 2008: csf installed willeb@fornax.phys.rpi.edu
Wed Aug 27 15:31:36 EDT 2008: directcode installed willeb@fornax.phys.rpi.edu
Wed Aug 27 15:31:36 EDT 2008: fitsccd installed willeb@fornax.phys.rpi.edu
Wed Aug 27 15:31:36 EDT 2008: fitsglue installed willeb@fornax.phys.rpi.edu
Wed Aug 27 15:31:36 EDT 2008: fitshead installed willeb@fornax.phys.rpi.edu
Wed Aug 27 15:31:37 EDT 2008: flowcode installed willeb@fornax.phys.rpi.edu
Wed Aug 27 15:31:37 EDT 2008: ftoc installed willeb@fornax.phys.rpi.edu
Wed Aug 27 15:31:37 EDT 2008: gadgetsnap installed willeb@fornax.phys.rpi.edu
Wed Aug 27 15:31:37 EDT 2008: galaxy installed willeb@fornax.phys.rpi.edu
Wed Aug 27 15:33:21 EDT 2008: hackcode1 installed willeb@fornax.phys.rpi.edu
Wed Aug 27 15:33:23 EDT 2008: magalie installed willeb@fornax.phys.rpi.edu
Wed Aug 27 15:33:23 EDT 2008: mkdisk installed willeb@fornax.phys.rpi.edu
Wed Aug 27 15:33:23 EDT 2008: mkexpdisk installed willeb@fornax.phys.rpi.edu
Wed Aug 27 15:33:23 EDT 2008: mkflowdisk installed willeb@fornax.phys.rpi.edu
Wed Aug 27 15:33:24 EDT 2008: mkhomsph installed willeb@fornax.phys.rpi.edu
Wed Aug 27 15:33:24 EDT 2008: mkommod installed willeb@fornax.phys.rpi.edu
Wed Aug 27 15:33:24 EDT 2008: mkplummer installed willeb@fornax.phys.rpi.edu
Wed Aug 27 15:33:24 EDT 2008: mkspiral installed willeb@fornax.phys.rpi.edu
Wed Aug 27 15:33:24 EDT 2008: nbody0 installed willeb@fornax.phys.rpi.edu
Wed Aug 27 15:33:25 EDT 2008: nbody00 installed willeb@fornax.phys.rpi.edu
Wed Aug 27 15:33:25 EDT 2008: nbody1 installed willeb@fornax.phys.rpi.edu
Wed Aug 27 15:33:25 EDT 2008: nemoinp installed willeb@fornax.phys.rpi.edu
Wed Aug 27 15:33:25 EDT 2008: potccd installed willeb@fornax.phys.rpi.edu
Wed Aug 27 15:33:25 EDT 2008: potlist installed willeb@fornax.phys.rpi.edu
Wed Aug 27 15:33:25 EDT 2008: potq installed willeb@fornax.phys.rpi.edu
Wed Aug 27 15:33:25 EDT 2008: potrot installed willeb@fornax.phys.rpi.edu
Wed Aug 27 15:33:26 EDT 2008: radprof installed willeb@fornax.phys.rpi.edu
Wed Aug 27 15:33:27 EDT 2008: rotcurshape installed willeb@fornax.phys.rpi.edu
Wed Aug 27 15:33:27 EDT 2008: rotcurtab installed willeb@fornax.phys.rpi.edu
Wed Aug 27 15:33:27 EDT 2008: rotcurves installed willeb@fornax.phys.rpi.edu
Wed Aug 27 15:33:27 EDT 2008: rsf installed willeb@fornax.phys.rpi.edu
Wed Aug 27 15:33:27 EDT 2008: runbody1 installed willeb@fornax.phys.rpi.edu
Wed Aug 27 15:33:28 EDT 2008: runbody4 installed willeb@fornax.phys.rpi.edu
Wed Aug 27 15:33:28 EDT 2008: rungalaxy installed willeb@fornax.phys.rpi.edu
Wed Aug 27 15:33:28 EDT 2008: runscfm installed willeb@fornax.phys.rpi.edu
Wed Aug 27 15:33:28 EDT 2008: scanfits installed willeb@fornax.phys.rpi.edu
Wed Aug 27 15:33:29 EDT 2008: scfm installed willeb@fornax.phys.rpi.edu
Wed Aug 27 15:33:29 EDT 2008: snapadd installed willeb@fornax.phys.rpi.edu
Wed Aug 27 15:33:29 EDT 2008: snapccd installed willeb@fornax.phys.rpi.edu
Wed Aug 27 15:33:29 EDT 2008: snapcenter installed willeb@fornax.phys.rpi.edu
Wed Aug 27 15:33:29 EDT 2008: snapcmp installed willeb@fornax.phys.rpi.edu
Wed Aug 27 15:33:30 EDT 2008: snapcopy installed willeb@fornax.phys.rpi.edu
Wed Aug 27 15:33:30 EDT 2008: snapdens installed willeb@fornax.phys.rpi.edu
Wed Aug 27 15:33:30 EDT 2008: snapdiagplot installed willeb@fornax.phys.rpi.edu
Wed Aug 27 15:33:30 EDT 2008: snapenter installed willeb@fornax.phys.rpi.edu
Wed Aug 27 15:33:30 EDT 2008: snapfit installed willeb@fornax.phys.rpi.edu
Wed Aug 27 15:33:31 EDT 2008: snapfour installed willeb@fornax.phys.rpi.edu
Wed Aug 27 15:33:31 EDT 2008: snapgadget installed willeb@fornax.phys.rpi.edu
Wed Aug 27 15:33:31 EDT 2008: snapgrid installed willeb@fornax.phys.rpi.edu
Wed Aug 27 15:33:31 EDT 2008: snapinert installed willeb@fornax.phys.rpi.edu
Wed Aug 27 15:33:32 EDT 2008: snapmask installed willeb@fornax.phys.rpi.edu
Wed Aug 27 15:33:32 EDT 2008: snapmass installed willeb@fornax.phys.rpi.edu
Wed Aug 27 15:33:32 EDT 2008: snapmradii installed willeb@fornax.phys.rpi.edu
Wed Aug 27 15:33:32 EDT 2008: snapplot installed willeb@fornax.phys.rpi.edu
Wed Aug 27 15:33:32 EDT 2008: snapplot3 installed willeb@fornax.phys.rpi.edu
Wed Aug 27 15:33:33 EDT 2008: snapplotv installed willeb@fornax.phys.rpi.edu
Wed Aug 27 15:33:33 EDT 2008: snapprint installed willeb@fornax.phys.rpi.edu
Wed Aug 27 15:33:33 EDT 2008: snaprect installed willeb@fornax.phys.rpi.edu
Wed Aug 27 15:33:33 EDT 2008: snaprotate installed willeb@fornax.phys.rpi.edu
Wed Aug 27 15:33:34 EDT 2008: snapscale installed willeb@fornax.phys.rpi.edu
Wed Aug 27 15:33:34 EDT 2008: snapshift installed willeb@fornax.phys.rpi.edu
Wed Aug 27 15:33:34 EDT 2008: snapslit installed willeb@fornax.phys.rpi.edu
Wed Aug 27 15:33:34 EDT 2008: snapsplit installed willeb@fornax.phys.rpi.edu
Wed Aug 27 15:33:34 EDT 2008: snapstack installed willeb@fornax.phys.rpi.edu
Wed Aug 27 15:33:34 EDT 2008: snaptipsy installed willeb@fornax.phys.rpi.edu
Wed Aug 27 15:33:35 EDT 2008: snaptrim installed willeb@fornax.phys.rpi.edu
Wed Aug 27 15:33:35 EDT 2008: snapxyz installed willeb@fornax.phys.rpi.edu
Wed Aug 27 15:33:35 EDT 2008: stoa installed willeb@fornax.phys.rpi.edu
Wed Aug 27 15:33:35 EDT 2008: stou4 installed willeb@fornax.phys.rpi.edu
Wed Aug 27 15:33:35 EDT 2008: tabdate installed willeb@fornax.phys.rpi.edu
Wed Aug 27 15:33:35 EDT 2008: tabfilter installed willeb@fornax.phys.rpi.edu
Wed Aug 27 15:33:35 EDT 2008: tabfits installed willeb@fornax.phys.rpi.edu
Wed Aug 27 15:33:36 EDT 2008: tabhist installed willeb@fornax.phys.rpi.edu
Wed Aug 27 15:33:36 EDT 2008: tablsqfit installed willeb@fornax.phys.rpi.edu
Wed Aug 27 15:33:36 EDT 2008: tabmath installed willeb@fornax.phys.rpi.edu
Wed Aug 27 15:33:37 EDT 2008: tabnllsqfit installed willeb@fornax.phys.rpi.edu
Wed Aug 27 15:33:37 EDT 2008: tabplot installed willeb@fornax.phys.rpi.edu
Wed Aug 27 15:33:37 EDT 2008: tabspline installed willeb@fornax.phys.rpi.edu
Wed Aug 27 15:33:37 EDT 2008: tabtos installed willeb@fornax.phys.rpi.edu
Wed Aug 27 15:33:37 EDT 2008: tabtrend installed willeb@fornax.phys.rpi.edu
Wed Aug 27 15:33:38 EDT 2008: tipsysnap installed willeb@fornax.phys.rpi.edu
Wed Aug 27 15:33:38 EDT 2008: treecode1 installed willeb@fornax.phys.rpi.edu
Wed Aug 27 15:33:38 EDT 2008: tsf installed willeb@fornax.phys.rpi.edu
Wed Aug 27 15:33:38 EDT 2008: u3tos installed willeb@fornax.phys.rpi.edu
Wed Aug 27 15:33:39 EDT 2008: unfio installed willeb@fornax.phys.rpi.edu
Wed Aug 27 15:33:39 EDT 2008: velcube installed willeb@fornax.phys.rpi.edu
Wed Aug 27 15:33:39 EDT 2008: velfit installed willeb@fornax.phys.rpi.edu
Wed Aug 27 15:33:39 EDT 2008: wcs installed willeb@fornax.phys.rpi.edu
Wed Aug 27 15:33:39 EDT 2008: xrandom installed willeb@fornax.phys.rpi.edu
Wed Aug 27 15:33:39 EDT 2008: hisf installed willeb@fornax.phys.rpi.edu
Wed Aug 27 15:33:40 EDT 2008: hackforce installed willeb@fornax.phys.rpi.edu
Wed Aug 27 15:39:30 EDT 2008: orbint installed willeb@fornax.phys.rpi.edu
Wed Aug 27 15:39:34 EDT 2008: mkorbit installed willeb@fornax.phys.rpi.edu
Wed Aug 27 15:44:01 EDT 2008: hackcode3 installed willeb@fornax.phys.rpi.edu
Wed Aug 27 15:44:02 EDT 2008: hackcode1 installed willeb@fornax.phys.rpi.edu
Wed Aug 27 15:44:09 EDT 2008: stoa installed willeb@fornax.phys.rpi.edu
Wed Aug 27 15:44:12 EDT 2008: atos installed willeb@fornax.phys.rpi.edu
Wed Aug 27 15:49:46 EDT 2008: snapplot installed willeb@fornax.phys.rpi.edu
Wed Aug 27 15:51:36 EDT 2008: snapplot installed willeb@fornax.phys.rpi.edu
Wed Aug 27 15:56:25 EDT 2008: snapplot installed willeb@fornax.phys.rpi.edu
Wed Aug 27 16:03:10 EDT 2008: snapplot installed willeb@fornax.phys.rpi.edu
Wed Aug 27 16:07:19 EDT 2008: snapplot installed willeb@fornax.phys.rpi.edu
Thu Aug 28 14:53:30 EDT 2008: orblist installed willeb@fornax.phys.rpi.edu
Fri Nov 14 10:45:21 EST 2008: snapplot installed willeb@fornax.phys.rpi.edu
Fri Nov 14 10:45:26 EST 2008: yapp installed willeb@fornax.phys.rpi.edu
Wed Nov 19 12:54:48 EST 2008: mkhernquist installed willeb@fornax.phys.rpi.edu
Wed Nov 19 22:09:02 EST 2008: manipulators installed willeb@fornax.phys.rpi.edu
Tue Mar 31 16:13:33 EDT 2009: orbstat installed willeb@fornax.phys.rpi.edu
Tue Aug  4 12:17:07 EDT 2009: rotcurves installed willeb@fornax.phys.rpi.edu
Wed Mar 17 15:48:10 EDT 2010: snapaddbh installed willeb@fornax.phys.rpi.edu
Thu Nov 18 18:09:00 EST 2010: orbint installed willeb@fornax.phys.rpi.edu
Thu Nov 18 18:10:25 EST 2010: orbint installed willeb@fornax.phys.rpi.edu
Thu Nov 18 18:13:09 EST 2010: orbint installed willeb@fornax.phys.rpi.edu
Thu Nov 18 18:17:59 EST 2010: orbint installed willeb@fornax.phys.rpi.edu
Thu Nov 18 18:18:48 EST 2010: orbint installed willeb@fornax.phys.rpi.edu
Thu Nov 18 18:21:58 EST 2010: orbint installed willeb@fornax.phys.rpi.edu
Thu Nov 18 18:23:34 EST 2010: orbint installed willeb@fornax.phys.rpi.edu
Thu Nov 18 18:24:52 EST 2010: orbint installed willeb@fornax.phys.rpi.edu
Thu Nov 18 18:26:20 EST 2010: orbint installed willeb@fornax.phys.rpi.edu
Thu Nov 18 18:28:00 EST 2010: orbint installed willeb@fornax.phys.rpi.edu
Thu Nov 18 18:35:38 EST 2010: orbint installed willeb@fornax.phys.rpi.edu
Thu Nov 18 18:41:29 EST 2010: orbint installed willeb@fornax.phys.rpi.edu
Thu Nov 18 18:42:27 EST 2010: orbint installed willeb@fornax.phys.rpi.edu
Thu Nov 18 18:43:14 EST 2010: orbint installed willeb@fornax.phys.rpi.edu
Thu Nov 18 18:46:35 EST 2010: orbint installed willeb@fornax.phys.rpi.edu
Thu Nov 18 19:28:54 EST 2010: orbint-back installed willeb@fornax.phys.rpi.edu
Fri Dec  3 19:51:58 EST 2010: nemoinp installed willeb@fornax.phys.rpi.edu
Fri Dec  3 19:53:36 EST 2010: nemoinp installed willeb@fornax.phys.rpi.edu
Fri Sep 30 16:32:55 EDT 2011: atos installed ricec2@fornax.phys.rpi.edu
Fri Sep 30 16:32:55 EDT 2011: bodytrans installed ricec2@fornax.phys.rpi.edu
Fri Sep 30 16:32:56 EDT 2011: ccddump installed ricec2@fornax.phys.rpi.edu
Fri Sep 30 16:32:56 EDT 2011: ccdfits installed ricec2@fornax.phys.rpi.edu
Fri Sep 30 16:32:56 EDT 2011: ccdflip installed ricec2@fornax.phys.rpi.edu
Fri Sep 30 16:32:56 EDT 2011: ccdgen installed ricec2@fornax.phys.rpi.edu
Fri Sep 30 16:32:56 EDT 2011: ccdmath installed ricec2@fornax.phys.rpi.edu
Fri Sep 30 16:32:57 EDT 2011: ccdmom installed ricec2@fornax.phys.rpi.edu
Fri Sep 30 16:32:57 EDT 2011: ccdplot installed ricec2@fornax.phys.rpi.edu
Fri Sep 30 16:32:57 EDT 2011: ccdprint installed ricec2@fornax.phys.rpi.edu
Fri Sep 30 16:32:57 EDT 2011: ccdsmooth installed ricec2@fornax.phys.rpi.edu
Fri Sep 30 16:32:57 EDT 2011: ccdstat installed ricec2@fornax.phys.rpi.edu
Fri Sep 30 16:32:57 EDT 2011: ccdvel installed ricec2@fornax.phys.rpi.edu
Fri Sep 30 16:32:58 EDT 2011: csf installed ricec2@fornax.phys.rpi.edu
Fri Sep 30 16:32:58 EDT 2011: directcode installed ricec2@fornax.phys.rpi.edu
Fri Sep 30 16:32:58 EDT 2011: fitsccd installed ricec2@fornax.phys.rpi.edu
Fri Sep 30 16:32:58 EDT 2011: fitsglue installed ricec2@fornax.phys.rpi.edu
Fri Sep 30 16:32:58 EDT 2011: fitshead installed ricec2@fornax.phys.rpi.edu
Fri Sep 30 16:32:59 EDT 2011: flowcode installed ricec2@fornax.phys.rpi.edu
Fri Sep 30 16:32:59 EDT 2011: ftoc installed ricec2@fornax.phys.rpi.edu
Fri Sep 30 16:32:59 EDT 2011: gadgetsnap installed ricec2@fornax.phys.rpi.edu
Fri Sep 30 16:32:59 EDT 2011: galaxy installed ricec2@fornax.phys.rpi.edu
Fri Sep 30 16:33:20 EDT 2011: hackcode1 installed ricec2@fornax.phys.rpi.edu
Fri Sep 30 16:33:20 EDT 2011: magalie installed ricec2@fornax.phys.rpi.edu
Fri Sep 30 16:33:21 EDT 2011: mkdisk installed ricec2@fornax.phys.rpi.edu
Fri Sep 30 16:33:21 EDT 2011: mkexpdisk installed ricec2@fornax.phys.rpi.edu
Fri Sep 30 16:33:21 EDT 2011: mkflowdisk installed ricec2@fornax.phys.rpi.edu
Fri Sep 30 16:33:21 EDT 2011: mkhomsph installed ricec2@fornax.phys.rpi.edu
Fri Sep 30 16:33:21 EDT 2011: mkommod installed ricec2@fornax.phys.rpi.edu
Fri Sep 30 16:33:21 EDT 2011: mkplummer installed ricec2@fornax.phys.rpi.edu
Fri Sep 30 16:33:22 EDT 2011: mkspiral installed ricec2@fornax.phys.rpi.edu
Fri Sep 30 16:33:22 EDT 2011: nbody0 installed ricec2@fornax.phys.rpi.edu
Fri Sep 30 16:33:22 EDT 2011: nbody00 installed ricec2@fornax.phys.rpi.edu
Fri Sep 30 16:33:22 EDT 2011: nbody1 installed ricec2@fornax.phys.rpi.edu
Fri Sep 30 16:33:22 EDT 2011: nemoinp installed ricec2@fornax.phys.rpi.edu
Fri Sep 30 16:33:23 EDT 2011: potccd installed ricec2@fornax.phys.rpi.edu
Fri Sep 30 16:33:23 EDT 2011: potlist installed ricec2@fornax.phys.rpi.edu
Fri Sep 30 16:33:23 EDT 2011: potq installed ricec2@fornax.phys.rpi.edu
Fri Sep 30 16:33:23 EDT 2011: potrot installed ricec2@fornax.phys.rpi.edu
Fri Sep 30 16:33:23 EDT 2011: radprof installed ricec2@fornax.phys.rpi.edu
Fri Sep 30 16:33:24 EDT 2011: rotcurshape installed ricec2@fornax.phys.rpi.edu
Fri Sep 30 16:33:25 EDT 2011: rotcurtab installed ricec2@fornax.phys.rpi.edu
Fri Sep 30 16:33:25 EDT 2011: rotcurves installed ricec2@fornax.phys.rpi.edu
Fri Sep 30 16:33:25 EDT 2011: rsf installed ricec2@fornax.phys.rpi.edu
Fri Sep 30 16:33:25 EDT 2011: runbody1 installed ricec2@fornax.phys.rpi.edu
Fri Sep 30 16:33:25 EDT 2011: runbody4 installed ricec2@fornax.phys.rpi.edu
Fri Sep 30 16:33:25 EDT 2011: rungalaxy installed ricec2@fornax.phys.rpi.edu
Fri Sep 30 16:33:26 EDT 2011: runscfm installed ricec2@fornax.phys.rpi.edu
Fri Sep 30 16:33:26 EDT 2011: scanfits installed ricec2@fornax.phys.rpi.edu
Fri Sep 30 16:33:26 EDT 2011: scfm installed ricec2@fornax.phys.rpi.edu
Fri Sep 30 16:33:27 EDT 2011: snapadd installed ricec2@fornax.phys.rpi.edu
Fri Sep 30 16:33:27 EDT 2011: snapccd installed ricec2@fornax.phys.rpi.edu
Fri Sep 30 16:33:27 EDT 2011: snapcenter installed ricec2@fornax.phys.rpi.edu
Fri Sep 30 16:33:27 EDT 2011: snapcmp installed ricec2@fornax.phys.rpi.edu
Fri Sep 30 16:33:27 EDT 2011: snapcopy installed ricec2@fornax.phys.rpi.edu
Fri Sep 30 16:33:28 EDT 2011: snapdens installed ricec2@fornax.phys.rpi.edu
Fri Sep 30 16:33:28 EDT 2011: snapdiagplot installed ricec2@fornax.phys.rpi.edu
Fri Sep 30 16:33:28 EDT 2011: snapenter installed ricec2@fornax.phys.rpi.edu
Fri Sep 30 16:33:28 EDT 2011: snapfit installed ricec2@fornax.phys.rpi.edu
Fri Sep 30 16:33:28 EDT 2011: snapfour installed ricec2@fornax.phys.rpi.edu
Fri Sep 30 16:33:29 EDT 2011: snapgadget installed ricec2@fornax.phys.rpi.edu
Fri Sep 30 16:33:29 EDT 2011: snapgrid installed ricec2@fornax.phys.rpi.edu
Fri Sep 30 16:33:29 EDT 2011: snapinert installed ricec2@fornax.phys.rpi.edu
Fri Sep 30 16:33:30 EDT 2011: snapmask installed ricec2@fornax.phys.rpi.edu
Fri Sep 30 16:33:30 EDT 2011: snapmass installed ricec2@fornax.phys.rpi.edu
Fri Sep 30 16:33:30 EDT 2011: snapmradii installed ricec2@fornax.phys.rpi.edu
Fri Sep 30 16:33:30 EDT 2011: snapplot installed ricec2@fornax.phys.rpi.edu
Fri Sep 30 16:33:30 EDT 2011: snapplot3 installed ricec2@fornax.phys.rpi.edu
Fri Sep 30 16:33:31 EDT 2011: snapplotv installed ricec2@fornax.phys.rpi.edu
Fri Sep 30 16:33:31 EDT 2011: snapprint installed ricec2@fornax.phys.rpi.edu
Fri Sep 30 16:33:31 EDT 2011: snaprect installed ricec2@fornax.phys.rpi.edu
Fri Sep 30 16:33:31 EDT 2011: snaprotate installed ricec2@fornax.phys.rpi.edu
Fri Sep 30 16:33:31 EDT 2011: snapscale installed ricec2@fornax.phys.rpi.edu
Fri Sep 30 16:33:32 EDT 2011: snapshift installed ricec2@fornax.phys.rpi.edu
Fri Sep 30 16:33:32 EDT 2011: snapslit installed ricec2@fornax.phys.rpi.edu
Fri Sep 30 16:33:32 EDT 2011: snapsplit installed ricec2@fornax.phys.rpi.edu
Fri Sep 30 16:33:32 EDT 2011: snapstack installed ricec2@fornax.phys.rpi.edu
Fri Sep 30 16:33:33 EDT 2011: snaptipsy installed ricec2@fornax.phys.rpi.edu
Fri Sep 30 16:33:33 EDT 2011: snaptrim installed ricec2@fornax.phys.rpi.edu
Fri Sep 30 16:33:33 EDT 2011: snapxyz installed ricec2@fornax.phys.rpi.edu
Fri Sep 30 16:33:33 EDT 2011: stoa installed ricec2@fornax.phys.rpi.edu
Fri Sep 30 16:33:33 EDT 2011: stou4 installed ricec2@fornax.phys.rpi.edu
Fri Sep 30 16:33:33 EDT 2011: tabdate installed ricec2@fornax.phys.rpi.edu
Fri Sep 30 16:33:33 EDT 2011: tabfilter installed ricec2@fornax.phys.rpi.edu
Fri Sep 30 16:33:33 EDT 2011: tabfits installed ricec2@fornax.phys.rpi.edu
Fri Sep 30 16:33:34 EDT 2011: tabhist installed ricec2@fornax.phys.rpi.edu
Fri Sep 30 16:33:34 EDT 2011: tablsqfit installed ricec2@fornax.phys.rpi.edu
Fri Sep 30 16:33:34 EDT 2011: tabmath installed ricec2@fornax.phys.rpi.edu
Fri Sep 30 16:33:35 EDT 2011: tabnllsqfit installed ricec2@fornax.phys.rpi.edu
Fri Sep 30 16:33:35 EDT 2011: tabplot installed ricec2@fornax.phys.rpi.edu
Fri Sep 30 16:33:35 EDT 2011: tabspline installed ricec2@fornax.phys.rpi.edu
Fri Sep 30 16:33:36 EDT 2011: tabtos installed ricec2@fornax.phys.rpi.edu
Fri Sep 30 16:33:36 EDT 2011: tabtrend installed ricec2@fornax.phys.rpi.edu
Fri Sep 30 16:33:36 EDT 2011: tipsysnap installed ricec2@fornax.phys.rpi.edu
Fri Sep 30 16:33:37 EDT 2011: treecode1 installed ricec2@fornax.phys.rpi.edu
Fri Sep 30 16:33:37 EDT 2011: tsf installed ricec2@fornax.phys.rpi.edu
Fri Sep 30 16:33:37 EDT 2011: u3tos installed ricec2@fornax.phys.rpi.edu
Fri Sep 30 16:33:37 EDT 2011: unfio installed ricec2@fornax.phys.rpi.edu
Fri Sep 30 16:33:37 EDT 2011: velcube installed ricec2@fornax.phys.rpi.edu
Fri Sep 30 16:33:37 EDT 2011: velfit installed ricec2@fornax.phys.rpi.edu
Fri Sep 30 16:33:37 EDT 2011: wcs installed ricec2@fornax.phys.rpi.edu
Fri Sep 30 16:33:38 EDT 2011: xrandom installed ricec2@fornax.phys.rpi.edu
Fri Sep 30 16:33:38 EDT 2011: hisf installed ricec2@fornax.phys.rpi.edu
Fri Sep 30 16:33:38 EDT 2011: hackforce installed ricec2@fornax.phys.rpi.edu
Fri Sep 30 16:34:02 EDT 2011: lib installed ricec2@fornax.phys.rpi.edu
Fri Sep 30 16:34:09 EDT 2011: orbint installed ricec2@fornax.phys.rpi.edu
Fri Sep 30 16:34:12 EDT 2011: stoa installed ricec2@fornax.phys.rpi.edu
Fri Sep 30 16:34:55 EDT 2011: mkorbit installed ricec2@fornax.phys.rpi.edu
Fri Sep 30 16:37:56 EDT 2011: atos installed ricec2@fornax.phys.rpi.edu
Fri Sep 30 16:37:56 EDT 2011: bodytrans installed ricec2@fornax.phys.rpi.edu
Fri Sep 30 16:37:56 EDT 2011: ccddump installed ricec2@fornax.phys.rpi.edu
Fri Sep 30 16:37:56 EDT 2011: ccdfits installed ricec2@fornax.phys.rpi.edu
Fri Sep 30 16:37:57 EDT 2011: ccdflip installed ricec2@fornax.phys.rpi.edu
Fri Sep 30 16:37:57 EDT 2011: ccdgen installed ricec2@fornax.phys.rpi.edu
Fri Sep 30 16:37:57 EDT 2011: ccdmath installed ricec2@fornax.phys.rpi.edu
Fri Sep 30 16:37:57 EDT 2011: ccdmom installed ricec2@fornax.phys.rpi.edu
Fri Sep 30 16:37:57 EDT 2011: ccdplot installed ricec2@fornax.phys.rpi.edu
Fri Sep 30 16:37:57 EDT 2011: ccdprint installed ricec2@fornax.phys.rpi.edu
Fri Sep 30 16:37:58 EDT 2011: ccdsmooth installed ricec2@fornax.phys.rpi.edu
Fri Sep 30 16:37:58 EDT 2011: ccdstat installed ricec2@fornax.phys.rpi.edu
Fri Sep 30 16:37:58 EDT 2011: ccdvel installed ricec2@fornax.phys.rpi.edu
Fri Sep 30 16:37:58 EDT 2011: csf installed ricec2@fornax.phys.rpi.edu
Fri Sep 30 16:37:58 EDT 2011: directcode installed ricec2@fornax.phys.rpi.edu
Fri Sep 30 16:37:58 EDT 2011: fitsccd installed ricec2@fornax.phys.rpi.edu
Fri Sep 30 16:37:59 EDT 2011: fitsglue installed ricec2@fornax.phys.rpi.edu
Fri Sep 30 16:37:59 EDT 2011: fitshead installed ricec2@fornax.phys.rpi.edu
Fri Sep 30 16:37:59 EDT 2011: flowcode installed ricec2@fornax.phys.rpi.edu
Fri Sep 30 16:37:59 EDT 2011: ftoc installed ricec2@fornax.phys.rpi.edu
Fri Sep 30 16:38:00 EDT 2011: gadgetsnap installed ricec2@fornax.phys.rpi.edu
Fri Sep 30 16:38:00 EDT 2011: galaxy installed ricec2@fornax.phys.rpi.edu
Fri Sep 30 16:38:21 EDT 2011: hackcode1 installed ricec2@fornax.phys.rpi.edu
Fri Sep 30 16:38:21 EDT 2011: magalie installed ricec2@fornax.phys.rpi.edu
Fri Sep 30 16:38:21 EDT 2011: mkdisk installed ricec2@fornax.phys.rpi.edu
Fri Sep 30 16:38:21 EDT 2011: mkexpdisk installed ricec2@fornax.phys.rpi.edu
Fri Sep 30 16:38:22 EDT 2011: mkflowdisk installed ricec2@fornax.phys.rpi.edu
Fri Sep 30 16:38:22 EDT 2011: mkhomsph installed ricec2@fornax.phys.rpi.edu
Fri Sep 30 16:38:22 EDT 2011: mkommod installed ricec2@fornax.phys.rpi.edu
Fri Sep 30 16:38:22 EDT 2011: mkplummer installed ricec2@fornax.phys.rpi.edu
Fri Sep 30 16:38:22 EDT 2011: mkspiral installed ricec2@fornax.phys.rpi.edu
Fri Sep 30 16:38:23 EDT 2011: nbody0 installed ricec2@fornax.phys.rpi.edu
Fri Sep 30 16:38:23 EDT 2011: nbody00 installed ricec2@fornax.phys.rpi.edu
Fri Sep 30 16:38:23 EDT 2011: nbody1 installed ricec2@fornax.phys.rpi.edu
Fri Sep 30 16:38:23 EDT 2011: nemoinp installed ricec2@fornax.phys.rpi.edu
Fri Sep 30 16:38:23 EDT 2011: potccd installed ricec2@fornax.phys.rpi.edu
Fri Sep 30 16:38:23 EDT 2011: potlist installed ricec2@fornax.phys.rpi.edu
Fri Sep 30 16:38:24 EDT 2011: potq installed ricec2@fornax.phys.rpi.edu
Fri Sep 30 16:38:24 EDT 2011: potrot installed ricec2@fornax.phys.rpi.edu
Fri Sep 30 16:38:24 EDT 2011: radprof installed ricec2@fornax.phys.rpi.edu
Fri Sep 30 16:38:25 EDT 2011: rotcurshape installed ricec2@fornax.phys.rpi.edu
Fri Sep 30 16:38:25 EDT 2011: rotcurtab installed ricec2@fornax.phys.rpi.edu
Fri Sep 30 16:38:25 EDT 2011: rotcurves installed ricec2@fornax.phys.rpi.edu
Fri Sep 30 16:38:26 EDT 2011: rsf installed ricec2@fornax.phys.rpi.edu
Fri Sep 30 16:38:26 EDT 2011: runbody1 installed ricec2@fornax.phys.rpi.edu
Fri Sep 30 16:38:26 EDT 2011: runbody4 installed ricec2@fornax.phys.rpi.edu
Fri Sep 30 16:38:26 EDT 2011: rungalaxy installed ricec2@fornax.phys.rpi.edu
Fri Sep 30 16:38:26 EDT 2011: runscfm installed ricec2@fornax.phys.rpi.edu
Fri Sep 30 16:38:26 EDT 2011: scanfits installed ricec2@fornax.phys.rpi.edu
Fri Sep 30 16:38:27 EDT 2011: scfm installed ricec2@fornax.phys.rpi.edu
Fri Sep 30 16:38:27 EDT 2011: snapadd installed ricec2@fornax.phys.rpi.edu
Fri Sep 30 16:38:27 EDT 2011: snapccd installed ricec2@fornax.phys.rpi.edu
Fri Sep 30 16:38:28 EDT 2011: snapcenter installed ricec2@fornax.phys.rpi.edu
Fri Sep 30 16:38:28 EDT 2011: snapcmp installed ricec2@fornax.phys.rpi.edu
Fri Sep 30 16:38:28 EDT 2011: snapcopy installed ricec2@fornax.phys.rpi.edu
Fri Sep 30 16:38:28 EDT 2011: snapdens installed ricec2@fornax.phys.rpi.edu
Fri Sep 30 16:38:28 EDT 2011: snapdiagplot installed ricec2@fornax.phys.rpi.edu
Fri Sep 30 16:38:29 EDT 2011: snapenter installed ricec2@fornax.phys.rpi.edu
Fri Sep 30 16:38:29 EDT 2011: snapfit installed ricec2@fornax.phys.rpi.edu
Fri Sep 30 16:38:29 EDT 2011: snapfour installed ricec2@fornax.phys.rpi.edu
Fri Sep 30 16:38:29 EDT 2011: snapgadget installed ricec2@fornax.phys.rpi.edu
Fri Sep 30 16:38:30 EDT 2011: snapgrid installed ricec2@fornax.phys.rpi.edu
Fri Sep 30 16:38:30 EDT 2011: snapinert installed ricec2@fornax.phys.rpi.edu
Fri Sep 30 16:38:30 EDT 2011: snapmask installed ricec2@fornax.phys.rpi.edu
Fri Sep 30 16:38:30 EDT 2011: snapmass installed ricec2@fornax.phys.rpi.edu
Fri Sep 30 16:38:31 EDT 2011: snapmradii installed ricec2@fornax.phys.rpi.edu
Fri Sep 30 16:38:31 EDT 2011: snapplot installed ricec2@fornax.phys.rpi.edu
Fri Sep 30 16:38:31 EDT 2011: snapplot3 installed ricec2@fornax.phys.rpi.edu
Fri Sep 30 16:38:31 EDT 2011: snapplotv installed ricec2@fornax.phys.rpi.edu
Fri Sep 30 16:38:31 EDT 2011: snapprint installed ricec2@fornax.phys.rpi.edu
Fri Sep 30 16:38:32 EDT 2011: snaprect installed ricec2@fornax.phys.rpi.edu
Fri Sep 30 16:38:32 EDT 2011: snaprotate installed ricec2@fornax.phys.rpi.edu
Fri Sep 30 16:38:32 EDT 2011: snapscale installed ricec2@fornax.phys.rpi.edu
Fri Sep 30 16:38:32 EDT 2011: snapshift installed ricec2@fornax.phys.rpi.edu
Fri Sep 30 16:38:33 EDT 2011: snapslit installed ricec2@fornax.phys.rpi.edu
Fri Sep 30 16:38:33 EDT 2011: snapsplit installed ricec2@fornax.phys.rpi.edu
Fri Sep 30 16:38:33 EDT 2011: snapstack installed ricec2@fornax.phys.rpi.edu
Fri Sep 30 16:38:33 EDT 2011: snaptipsy installed ricec2@fornax.phys.rpi.edu
Fri Sep 30 16:38:33 EDT 2011: snaptrim installed ricec2@fornax.phys.rpi.edu
Fri Sep 30 16:38:34 EDT 2011: snapxyz installed ricec2@fornax.phys.rpi.edu
Fri Sep 30 16:38:34 EDT 2011: stoa installed ricec2@fornax.phys.rpi.edu
Fri Sep 30 16:38:34 EDT 2011: stou4 installed ricec2@fornax.phys.rpi.edu
Fri Sep 30 16:38:34 EDT 2011: tabdate installed ricec2@fornax.phys.rpi.edu
Fri Sep 30 16:38:34 EDT 2011: tabfilter installed ricec2@fornax.phys.rpi.edu
Fri Sep 30 16:38:34 EDT 2011: tabfits installed ricec2@fornax.phys.rpi.edu
Fri Sep 30 16:38:34 EDT 2011: tabhist installed ricec2@fornax.phys.rpi.edu
Fri Sep 30 16:38:35 EDT 2011: tablsqfit installed ricec2@fornax.phys.rpi.edu
Fri Sep 30 16:38:35 EDT 2011: tabmath installed ricec2@fornax.phys.rpi.edu
Fri Sep 30 16:38:35 EDT 2011: tabnllsqfit installed ricec2@fornax.phys.rpi.edu
Fri Sep 30 16:38:36 EDT 2011: tabplot installed ricec2@fornax.phys.rpi.edu
Fri Sep 30 16:38:36 EDT 2011: tabspline installed ricec2@fornax.phys.rpi.edu
Fri Sep 30 16:38:36 EDT 2011: tabtos installed ricec2@fornax.phys.rpi.edu
Fri Sep 30 16:38:36 EDT 2011: tabtrend installed ricec2@fornax.phys.rpi.edu
Fri Sep 30 16:38:37 EDT 2011: tipsysnap installed ricec2@fornax.phys.rpi.edu
Fri Sep 30 16:38:37 EDT 2011: treecode1 installed ricec2@fornax.phys.rpi.edu
Fri Sep 30 16:38:37 EDT 2011: tsf installed ricec2@fornax.phys.rpi.edu
Fri Sep 30 16:38:37 EDT 2011: u3tos installed ricec2@fornax.phys.rpi.edu
Fri Sep 30 16:38:38 EDT 2011: unfio installed ricec2@fornax.phys.rpi.edu
Fri Sep 30 16:38:38 EDT 2011: velcube installed ricec2@fornax.phys.rpi.edu
Fri Sep 30 16:38:38 EDT 2011: velfit installed ricec2@fornax.phys.rpi.edu
Fri Sep 30 16:38:38 EDT 2011: wcs installed ricec2@fornax.phys.rpi.edu
Fri Sep 30 16:38:38 EDT 2011: xrandom installed ricec2@fornax.phys.rpi.edu
Fri Sep 30 16:38:38 EDT 2011: hisf installed ricec2@fornax.phys.rpi.edu
Fri Sep 30 16:38:39 EDT 2011: hackforce installed ricec2@fornax.phys.rpi.edu
Fri Sep 30 16:49:10 EDT 2011: mkorbit installed ricec2@fornax.phys.rpi.edu
Fri Sep 30 16:49:23 EDT 2011: mkorbit installed ricec2@fornax.phys.rpi.edu
Mon Oct  3 07:38:09 EDT 2011: atos installed ricec2@fornax.phys.rpi.edu
Mon Oct  3 07:38:09 EDT 2011: bodytrans installed ricec2@fornax.phys.rpi.edu
Mon Oct  3 07:38:09 EDT 2011: ccddump installed ricec2@fornax.phys.rpi.edu
Mon Oct  3 07:38:10 EDT 2011: ccdfits installed ricec2@fornax.phys.rpi.edu
Mon Oct  3 07:38:10 EDT 2011: ccdflip installed ricec2@fornax.phys.rpi.edu
Mon Oct  3 07:38:10 EDT 2011: ccdgen installed ricec2@fornax.phys.rpi.edu
Mon Oct  3 07:38:10 EDT 2011: ccdmath installed ricec2@fornax.phys.rpi.edu
Mon Oct  3 07:38:10 EDT 2011: ccdmom installed ricec2@fornax.phys.rpi.edu
Mon Oct  3 07:38:10 EDT 2011: ccdplot installed ricec2@fornax.phys.rpi.edu
Mon Oct  3 07:38:11 EDT 2011: ccdprint installed ricec2@fornax.phys.rpi.edu
Mon Oct  3 07:38:11 EDT 2011: ccdsmooth installed ricec2@fornax.phys.rpi.edu
Mon Oct  3 07:38:11 EDT 2011: ccdstat installed ricec2@fornax.phys.rpi.edu
Mon Oct  3 07:38:11 EDT 2011: ccdvel installed ricec2@fornax.phys.rpi.edu
Mon Oct  3 07:38:11 EDT 2011: csf installed ricec2@fornax.phys.rpi.edu
Mon Oct  3 07:38:11 EDT 2011: directcode installed ricec2@fornax.phys.rpi.edu
Mon Oct  3 07:38:12 EDT 2011: fitsccd installed ricec2@fornax.phys.rpi.edu
Mon Oct  3 07:38:12 EDT 2011: fitsglue installed ricec2@fornax.phys.rpi.edu
Mon Oct  3 07:38:12 EDT 2011: fitshead installed ricec2@fornax.phys.rpi.edu
Mon Oct  3 07:38:12 EDT 2011: flowcode installed ricec2@fornax.phys.rpi.edu
Mon Oct  3 07:38:13 EDT 2011: ftoc installed ricec2@fornax.phys.rpi.edu
Mon Oct  3 07:38:13 EDT 2011: gadgetsnap installed ricec2@fornax.phys.rpi.edu
Mon Oct  3 07:38:13 EDT 2011: galaxy installed ricec2@fornax.phys.rpi.edu
Mon Oct  3 07:38:34 EDT 2011: hackcode1 installed ricec2@fornax.phys.rpi.edu
Mon Oct  3 07:38:34 EDT 2011: magalie installed ricec2@fornax.phys.rpi.edu
Mon Oct  3 07:38:34 EDT 2011: mkdisk installed ricec2@fornax.phys.rpi.edu
Mon Oct  3 07:38:35 EDT 2011: mkexpdisk installed ricec2@fornax.phys.rpi.edu
Mon Oct  3 07:38:35 EDT 2011: mkflowdisk installed ricec2@fornax.phys.rpi.edu
Mon Oct  3 07:38:35 EDT 2011: mkhomsph installed ricec2@fornax.phys.rpi.edu
Mon Oct  3 07:38:35 EDT 2011: mkommod installed ricec2@fornax.phys.rpi.edu
Mon Oct  3 07:38:35 EDT 2011: mkplummer installed ricec2@fornax.phys.rpi.edu
Mon Oct  3 07:38:35 EDT 2011: mkspiral installed ricec2@fornax.phys.rpi.edu
Mon Oct  3 07:38:36 EDT 2011: nbody0 installed ricec2@fornax.phys.rpi.edu
Mon Oct  3 07:38:36 EDT 2011: nbody00 installed ricec2@fornax.phys.rpi.edu
Mon Oct  3 07:38:36 EDT 2011: nbody1 installed ricec2@fornax.phys.rpi.edu
Mon Oct  3 07:38:36 EDT 2011: nemoinp installed ricec2@fornax.phys.rpi.edu
Mon Oct  3 07:38:36 EDT 2011: potccd installed ricec2@fornax.phys.rpi.edu
Mon Oct  3 07:38:37 EDT 2011: potlist installed ricec2@fornax.phys.rpi.edu
Mon Oct  3 07:38:37 EDT 2011: potq installed ricec2@fornax.phys.rpi.edu
Mon Oct  3 07:38:37 EDT 2011: potrot installed ricec2@fornax.phys.rpi.edu
Mon Oct  3 07:38:37 EDT 2011: radprof installed ricec2@fornax.phys.rpi.edu
Mon Oct  3 07:38:38 EDT 2011: rotcurshape installed ricec2@fornax.phys.rpi.edu
Mon Oct  3 07:38:38 EDT 2011: rotcurtab installed ricec2@fornax.phys.rpi.edu
Mon Oct  3 07:38:39 EDT 2011: rotcurves installed ricec2@fornax.phys.rpi.edu
Mon Oct  3 07:38:39 EDT 2011: rsf installed ricec2@fornax.phys.rpi.edu
Mon Oct  3 07:38:39 EDT 2011: runbody1 installed ricec2@fornax.phys.rpi.edu
Mon Oct  3 07:38:39 EDT 2011: runbody4 installed ricec2@fornax.phys.rpi.edu
Mon Oct  3 07:38:39 EDT 2011: rungalaxy installed ricec2@fornax.phys.rpi.edu
Mon Oct  3 07:38:39 EDT 2011: runscfm installed ricec2@fornax.phys.rpi.edu
Mon Oct  3 07:38:39 EDT 2011: scanfits installed ricec2@fornax.phys.rpi.edu
Mon Oct  3 07:38:40 EDT 2011: scfm installed ricec2@fornax.phys.rpi.edu
Mon Oct  3 07:38:40 EDT 2011: snapadd installed ricec2@fornax.phys.rpi.edu
Mon Oct  3 07:38:40 EDT 2011: snapccd installed ricec2@fornax.phys.rpi.edu
Mon Oct  3 07:38:41 EDT 2011: snapcenter installed ricec2@fornax.phys.rpi.edu
Mon Oct  3 07:38:41 EDT 2011: snapcmp installed ricec2@fornax.phys.rpi.edu
Mon Oct  3 07:38:41 EDT 2011: snapcopy installed ricec2@fornax.phys.rpi.edu
Mon Oct  3 07:38:41 EDT 2011: snapdens installed ricec2@fornax.phys.rpi.edu
Mon Oct  3 07:38:42 EDT 2011: snapdiagplot installed ricec2@fornax.phys.rpi.edu
Mon Oct  3 07:38:42 EDT 2011: snapenter installed ricec2@fornax.phys.rpi.edu
Mon Oct  3 07:38:42 EDT 2011: snapfit installed ricec2@fornax.phys.rpi.edu
Mon Oct  3 07:38:42 EDT 2011: snapfour installed ricec2@fornax.phys.rpi.edu
Mon Oct  3 07:38:42 EDT 2011: snapgadget installed ricec2@fornax.phys.rpi.edu
Mon Oct  3 07:38:43 EDT 2011: snapgrid installed ricec2@fornax.phys.rpi.edu
Mon Oct  3 07:38:43 EDT 2011: snapinert installed ricec2@fornax.phys.rpi.edu
Mon Oct  3 07:38:43 EDT 2011: snapmask installed ricec2@fornax.phys.rpi.edu
Mon Oct  3 07:38:44 EDT 2011: snapmass installed ricec2@fornax.phys.rpi.edu
Mon Oct  3 07:38:44 EDT 2011: snapmradii installed ricec2@fornax.phys.rpi.edu
Mon Oct  3 07:38:44 EDT 2011: snapplot installed ricec2@fornax.phys.rpi.edu
Mon Oct  3 07:38:44 EDT 2011: snapplot3 installed ricec2@fornax.phys.rpi.edu
Mon Oct  3 07:38:44 EDT 2011: snapplotv installed ricec2@fornax.phys.rpi.edu
Mon Oct  3 07:38:45 EDT 2011: snapprint installed ricec2@fornax.phys.rpi.edu
Mon Oct  3 07:38:45 EDT 2011: snaprect installed ricec2@fornax.phys.rpi.edu
Mon Oct  3 07:38:45 EDT 2011: snaprotate installed ricec2@fornax.phys.rpi.edu
Mon Oct  3 07:38:45 EDT 2011: snapscale installed ricec2@fornax.phys.rpi.edu
Mon Oct  3 07:38:45 EDT 2011: snapshift installed ricec2@fornax.phys.rpi.edu
Mon Oct  3 07:38:46 EDT 2011: snapslit installed ricec2@fornax.phys.rpi.edu
Mon Oct  3 07:38:46 EDT 2011: snapsplit installed ricec2@fornax.phys.rpi.edu
Mon Oct  3 07:38:46 EDT 2011: snapstack installed ricec2@fornax.phys.rpi.edu
Mon Oct  3 07:38:46 EDT 2011: snaptipsy installed ricec2@fornax.phys.rpi.edu
Mon Oct  3 07:38:46 EDT 2011: snaptrim installed ricec2@fornax.phys.rpi.edu
Mon Oct  3 07:38:47 EDT 2011: snapxyz installed ricec2@fornax.phys.rpi.edu
Mon Oct  3 07:38:47 EDT 2011: stoa installed ricec2@fornax.phys.rpi.edu
Mon Oct  3 07:38:47 EDT 2011: stou4 installed ricec2@fornax.phys.rpi.edu
Mon Oct  3 07:38:47 EDT 2011: tabdate installed ricec2@fornax.phys.rpi.edu
Mon Oct  3 07:38:47 EDT 2011: tabfilter installed ricec2@fornax.phys.rpi.edu
Mon Oct  3 07:38:47 EDT 2011: tabfits installed ricec2@fornax.phys.rpi.edu
Mon Oct  3 07:38:48 EDT 2011: tabhist installed ricec2@fornax.phys.rpi.edu
Mon Oct  3 07:38:48 EDT 2011: tablsqfit installed ricec2@fornax.phys.rpi.edu
Mon Oct  3 07:38:48 EDT 2011: tabmath installed ricec2@fornax.phys.rpi.edu
Mon Oct  3 07:38:49 EDT 2011: tabnllsqfit installed ricec2@fornax.phys.rpi.edu
Mon Oct  3 07:38:49 EDT 2011: tabplot installed ricec2@fornax.phys.rpi.edu
Mon Oct  3 07:38:49 EDT 2011: tabspline installed ricec2@fornax.phys.rpi.edu
Mon Oct  3 07:38:49 EDT 2011: tabtos installed ricec2@fornax.phys.rpi.edu
Mon Oct  3 07:38:49 EDT 2011: tabtrend installed ricec2@fornax.phys.rpi.edu
Mon Oct  3 07:38:50 EDT 2011: tipsysnap installed ricec2@fornax.phys.rpi.edu
Mon Oct  3 07:38:50 EDT 2011: treecode1 installed ricec2@fornax.phys.rpi.edu
Mon Oct  3 07:38:50 EDT 2011: tsf installed ricec2@fornax.phys.rpi.edu
Mon Oct  3 07:38:51 EDT 2011: u3tos installed ricec2@fornax.phys.rpi.edu
Mon Oct  3 07:38:51 EDT 2011: unfio installed ricec2@fornax.phys.rpi.edu
Mon Oct  3 07:38:51 EDT 2011: velcube installed ricec2@fornax.phys.rpi.edu
Mon Oct  3 07:38:51 EDT 2011: velfit installed ricec2@fornax.phys.rpi.edu
Mon Oct  3 07:38:51 EDT 2011: wcs installed ricec2@fornax.phys.rpi.edu
Mon Oct  3 07:38:51 EDT 2011: xrandom installed ricec2@fornax.phys.rpi.edu
Mon Oct  3 07:38:51 EDT 2011: hisf installed ricec2@fornax.phys.rpi.edu
Mon Oct  3 07:38:52 EDT 2011: hackforce installed ricec2@fornax.phys.rpi.edu
Mon Oct  3 07:42:21 EDT 2011: atos installed ricec2@fornax.phys.rpi.edu
Mon Oct  3 07:42:21 EDT 2011: bodytrans installed ricec2@fornax.phys.rpi.edu
Mon Oct  3 07:42:21 EDT 2011: ccddump installed ricec2@fornax.phys.rpi.edu
Mon Oct  3 07:42:21 EDT 2011: ccdfits installed ricec2@fornax.phys.rpi.edu
Mon Oct  3 07:42:21 EDT 2011: ccdflip installed ricec2@fornax.phys.rpi.edu
Mon Oct  3 07:42:22 EDT 2011: ccdgen installed ricec2@fornax.phys.rpi.edu
Mon Oct  3 07:42:22 EDT 2011: ccdmath installed ricec2@fornax.phys.rpi.edu
Mon Oct  3 07:42:22 EDT 2011: ccdmom installed ricec2@fornax.phys.rpi.edu
Mon Oct  3 07:42:22 EDT 2011: ccdplot installed ricec2@fornax.phys.rpi.edu
Mon Oct  3 07:42:22 EDT 2011: ccdprint installed ricec2@fornax.phys.rpi.edu
Mon Oct  3 07:42:22 EDT 2011: ccdsmooth installed ricec2@fornax.phys.rpi.edu
Mon Oct  3 07:42:22 EDT 2011: ccdstat installed ricec2@fornax.phys.rpi.edu
Mon Oct  3 07:42:23 EDT 2011: ccdvel installed ricec2@fornax.phys.rpi.edu
Mon Oct  3 07:42:23 EDT 2011: csf installed ricec2@fornax.phys.rpi.edu
Mon Oct  3 07:42:23 EDT 2011: directcode installed ricec2@fornax.phys.rpi.edu
Mon Oct  3 07:42:23 EDT 2011: fitsccd installed ricec2@fornax.phys.rpi.edu
Mon Oct  3 07:42:23 EDT 2011: fitsglue installed ricec2@fornax.phys.rpi.edu
Mon Oct  3 07:42:23 EDT 2011: fitshead installed ricec2@fornax.phys.rpi.edu
Mon Oct  3 07:42:24 EDT 2011: flowcode installed ricec2@fornax.phys.rpi.edu
Mon Oct  3 07:42:24 EDT 2011: ftoc installed ricec2@fornax.phys.rpi.edu
Mon Oct  3 07:42:24 EDT 2011: gadgetsnap installed ricec2@fornax.phys.rpi.edu
Mon Oct  3 07:42:24 EDT 2011: galaxy installed ricec2@fornax.phys.rpi.edu
Mon Oct  3 07:42:46 EDT 2011: hackcode1 installed ricec2@fornax.phys.rpi.edu
Mon Oct  3 07:42:46 EDT 2011: magalie installed ricec2@fornax.phys.rpi.edu
Mon Oct  3 07:42:46 EDT 2011: mkdisk installed ricec2@fornax.phys.rpi.edu
Mon Oct  3 07:42:46 EDT 2011: mkexpdisk installed ricec2@fornax.phys.rpi.edu
Mon Oct  3 07:42:46 EDT 2011: mkflowdisk installed ricec2@fornax.phys.rpi.edu
Mon Oct  3 07:42:46 EDT 2011: mkhomsph installed ricec2@fornax.phys.rpi.edu
Mon Oct  3 07:42:47 EDT 2011: mkommod installed ricec2@fornax.phys.rpi.edu
Mon Oct  3 07:42:47 EDT 2011: mkplummer installed ricec2@fornax.phys.rpi.edu
Mon Oct  3 07:42:47 EDT 2011: mkspiral installed ricec2@fornax.phys.rpi.edu
Mon Oct  3 07:42:47 EDT 2011: nbody0 installed ricec2@fornax.phys.rpi.edu
Mon Oct  3 07:42:48 EDT 2011: nbody00 installed ricec2@fornax.phys.rpi.edu
Mon Oct  3 07:42:48 EDT 2011: nbody1 installed ricec2@fornax.phys.rpi.edu
Mon Oct  3 07:42:48 EDT 2011: nemoinp installed ricec2@fornax.phys.rpi.edu
Mon Oct  3 07:42:48 EDT 2011: potccd installed ricec2@fornax.phys.rpi.edu
Mon Oct  3 07:42:48 EDT 2011: potlist installed ricec2@fornax.phys.rpi.edu
Mon Oct  3 07:42:48 EDT 2011: potq installed ricec2@fornax.phys.rpi.edu
Mon Oct  3 07:42:48 EDT 2011: potrot installed ricec2@fornax.phys.rpi.edu
Mon Oct  3 07:42:49 EDT 2011: radprof installed ricec2@fornax.phys.rpi.edu
Mon Oct  3 07:42:50 EDT 2011: rotcurshape installed ricec2@fornax.phys.rpi.edu
Mon Oct  3 07:42:50 EDT 2011: rotcurtab installed ricec2@fornax.phys.rpi.edu
Mon Oct  3 07:42:50 EDT 2011: rotcurves installed ricec2@fornax.phys.rpi.edu
Mon Oct  3 07:42:50 EDT 2011: rsf installed ricec2@fornax.phys.rpi.edu
Mon Oct  3 07:42:50 EDT 2011: runbody1 installed ricec2@fornax.phys.rpi.edu
Mon Oct  3 07:42:51 EDT 2011: runbody4 installed ricec2@fornax.phys.rpi.edu
Mon Oct  3 07:42:51 EDT 2011: rungalaxy installed ricec2@fornax.phys.rpi.edu
Mon Oct  3 07:42:51 EDT 2011: runscfm installed ricec2@fornax.phys.rpi.edu
Mon Oct  3 07:42:51 EDT 2011: scanfits installed ricec2@fornax.phys.rpi.edu
Mon Oct  3 07:42:52 EDT 2011: scfm installed ricec2@fornax.phys.rpi.edu
Mon Oct  3 07:42:52 EDT 2011: snapadd installed ricec2@fornax.phys.rpi.edu
Mon Oct  3 07:42:52 EDT 2011: snapccd installed ricec2@fornax.phys.rpi.edu
Mon Oct  3 07:42:52 EDT 2011: snapcenter installed ricec2@fornax.phys.rpi.edu
Mon Oct  3 07:42:52 EDT 2011: snapcmp installed ricec2@fornax.phys.rpi.edu
Mon Oct  3 07:42:53 EDT 2011: snapcopy installed ricec2@fornax.phys.rpi.edu
Mon Oct  3 07:42:53 EDT 2011: snapdens installed ricec2@fornax.phys.rpi.edu
Mon Oct  3 07:42:53 EDT 2011: snapdiagplot installed ricec2@fornax.phys.rpi.edu
Mon Oct  3 07:42:53 EDT 2011: snapenter installed ricec2@fornax.phys.rpi.edu
Mon Oct  3 07:42:54 EDT 2011: snapfit installed ricec2@fornax.phys.rpi.edu
Mon Oct  3 07:42:54 EDT 2011: snapfour installed ricec2@fornax.phys.rpi.edu
Mon Oct  3 07:42:54 EDT 2011: snapgadget installed ricec2@fornax.phys.rpi.edu
Mon Oct  3 07:42:54 EDT 2011: snapgrid installed ricec2@fornax.phys.rpi.edu
Mon Oct  3 07:42:55 EDT 2011: snapinert installed ricec2@fornax.phys.rpi.edu
Mon Oct  3 07:42:55 EDT 2011: snapmask installed ricec2@fornax.phys.rpi.edu
Mon Oct  3 07:42:55 EDT 2011: snapmass installed ricec2@fornax.phys.rpi.edu
Mon Oct  3 07:42:55 EDT 2011: snapmradii installed ricec2@fornax.phys.rpi.edu
Mon Oct  3 07:42:56 EDT 2011: snapplot installed ricec2@fornax.phys.rpi.edu
Mon Oct  3 07:42:56 EDT 2011: snapplot3 installed ricec2@fornax.phys.rpi.edu
Mon Oct  3 07:42:56 EDT 2011: snapplotv installed ricec2@fornax.phys.rpi.edu
Mon Oct  3 07:42:56 EDT 2011: snapprint installed ricec2@fornax.phys.rpi.edu
Mon Oct  3 07:42:56 EDT 2011: snaprect installed ricec2@fornax.phys.rpi.edu
Mon Oct  3 07:42:57 EDT 2011: snaprotate installed ricec2@fornax.phys.rpi.edu
Mon Oct  3 07:42:57 EDT 2011: snapscale installed ricec2@fornax.phys.rpi.edu
Mon Oct  3 07:42:57 EDT 2011: snapshift installed ricec2@fornax.phys.rpi.edu
Mon Oct  3 07:42:57 EDT 2011: snapslit installed ricec2@fornax.phys.rpi.edu
Mon Oct  3 07:42:58 EDT 2011: snapsplit installed ricec2@fornax.phys.rpi.edu
Mon Oct  3 07:42:58 EDT 2011: snapstack installed ricec2@fornax.phys.rpi.edu
Mon Oct  3 07:42:58 EDT 2011: snaptipsy installed ricec2@fornax.phys.rpi.edu
Mon Oct  3 07:42:58 EDT 2011: snaptrim installed ricec2@fornax.phys.rpi.edu
Mon Oct  3 07:42:58 EDT 2011: snapxyz installed ricec2@fornax.phys.rpi.edu
Mon Oct  3 07:42:58 EDT 2011: stoa installed ricec2@fornax.phys.rpi.edu
Mon Oct  3 07:42:58 EDT 2011: stou4 installed ricec2@fornax.phys.rpi.edu
Mon Oct  3 07:42:59 EDT 2011: tabdate installed ricec2@fornax.phys.rpi.edu
Mon Oct  3 07:42:59 EDT 2011: tabfilter installed ricec2@fornax.phys.rpi.edu
Mon Oct  3 07:42:59 EDT 2011: tabfits installed ricec2@fornax.phys.rpi.edu
Mon Oct  3 07:42:59 EDT 2011: tabhist installed ricec2@fornax.phys.rpi.edu
Mon Oct  3 07:42:59 EDT 2011: tablsqfit installed ricec2@fornax.phys.rpi.edu
Mon Oct  3 07:43:00 EDT 2011: tabmath installed ricec2@fornax.phys.rpi.edu
Mon Oct  3 07:43:00 EDT 2011: tabnllsqfit installed ricec2@fornax.phys.rpi.edu
Mon Oct  3 07:43:00 EDT 2011: tabplot installed ricec2@fornax.phys.rpi.edu
Mon Oct  3 07:43:01 EDT 2011: tabspline installed ricec2@fornax.phys.rpi.edu
Mon Oct  3 07:43:01 EDT 2011: tabtos installed ricec2@fornax.phys.rpi.edu
Mon Oct  3 07:43:01 EDT 2011: tabtrend installed ricec2@fornax.phys.rpi.edu
Mon Oct  3 07:43:01 EDT 2011: tipsysnap installed ricec2@fornax.phys.rpi.edu
Mon Oct  3 07:43:02 EDT 2011: treecode1 installed ricec2@fornax.phys.rpi.edu
Mon Oct  3 07:43:02 EDT 2011: tsf installed ricec2@fornax.phys.rpi.edu
Mon Oct  3 07:43:02 EDT 2011: u3tos installed ricec2@fornax.phys.rpi.edu
Mon Oct  3 07:43:02 EDT 2011: unfio installed ricec2@fornax.phys.rpi.edu
Mon Oct  3 07:43:02 EDT 2011: velcube installed ricec2@fornax.phys.rpi.edu
Mon Oct  3 07:43:03 EDT 2011: velfit installed ricec2@fornax.phys.rpi.edu
Mon Oct  3 07:43:03 EDT 2011: wcs installed ricec2@fornax.phys.rpi.edu
Mon Oct  3 07:43:03 EDT 2011: xrandom installed ricec2@fornax.phys.rpi.edu
Mon Oct  3 07:43:03 EDT 2011: hisf installed ricec2@fornax.phys.rpi.edu
Mon Oct  3 07:43:04 EDT 2011: hackforce installed ricec2@fornax.phys.rpi.edu
Mon Oct  3 07:56:53 EDT 2011: atos installed ricec2@fornax.phys.rpi.edu
Mon Oct  3 07:56:53 EDT 2011: bodytrans installed ricec2@fornax.phys.rpi.edu
Mon Oct  3 07:56:53 EDT 2011: ccddump installed ricec2@fornax.phys.rpi.edu
Mon Oct  3 07:56:53 EDT 2011: ccdfits installed ricec2@fornax.phys.rpi.edu
Mon Oct  3 07:56:54 EDT 2011: ccdflip installed ricec2@fornax.phys.rpi.edu
Mon Oct  3 07:56:54 EDT 2011: ccdgen installed ricec2@fornax.phys.rpi.edu
Mon Oct  3 07:56:54 EDT 2011: ccdmath installed ricec2@fornax.phys.rpi.edu
Mon Oct  3 07:56:54 EDT 2011: ccdmom installed ricec2@fornax.phys.rpi.edu
Mon Oct  3 07:56:54 EDT 2011: ccdplot installed ricec2@fornax.phys.rpi.edu
Mon Oct  3 07:56:55 EDT 2011: ccdprint installed ricec2@fornax.phys.rpi.edu
Mon Oct  3 07:56:55 EDT 2011: ccdsmooth installed ricec2@fornax.phys.rpi.edu
Mon Oct  3 07:56:55 EDT 2011: ccdstat installed ricec2@fornax.phys.rpi.edu
Mon Oct  3 07:56:55 EDT 2011: ccdvel installed ricec2@fornax.phys.rpi.edu
Mon Oct  3 07:56:55 EDT 2011: csf installed ricec2@fornax.phys.rpi.edu
Mon Oct  3 07:56:55 EDT 2011: directcode installed ricec2@fornax.phys.rpi.edu
Mon Oct  3 07:56:56 EDT 2011: fitsccd installed ricec2@fornax.phys.rpi.edu
Mon Oct  3 07:56:56 EDT 2011: fitsglue installed ricec2@fornax.phys.rpi.edu
Mon Oct  3 07:56:56 EDT 2011: fitshead installed ricec2@fornax.phys.rpi.edu
Mon Oct  3 07:56:56 EDT 2011: flowcode installed ricec2@fornax.phys.rpi.edu
Mon Oct  3 07:56:56 EDT 2011: ftoc installed ricec2@fornax.phys.rpi.edu
Mon Oct  3 07:56:57 EDT 2011: gadgetsnap installed ricec2@fornax.phys.rpi.edu
Mon Oct  3 07:56:57 EDT 2011: galaxy installed ricec2@fornax.phys.rpi.edu
Mon Oct  3 07:56:57 EDT 2011: hackcode1 installed ricec2@fornax.phys.rpi.edu
Mon Oct  3 07:56:58 EDT 2011: linreg installed ricec2@fornax.phys.rpi.edu
Mon Oct  3 07:56:58 EDT 2011: magalie installed ricec2@fornax.phys.rpi.edu
Mon Oct  3 07:56:58 EDT 2011: meanmed installed ricec2@fornax.phys.rpi.edu
Mon Oct  3 07:56:58 EDT 2011: mkdisk installed ricec2@fornax.phys.rpi.edu
Mon Oct  3 07:56:58 EDT 2011: mkexpdisk installed ricec2@fornax.phys.rpi.edu
Mon Oct  3 07:56:59 EDT 2011: mkflowdisk installed ricec2@fornax.phys.rpi.edu
Mon Oct  3 07:56:59 EDT 2011: mkhomsph installed ricec2@fornax.phys.rpi.edu
Mon Oct  3 07:56:59 EDT 2011: mkommod installed ricec2@fornax.phys.rpi.edu
Mon Oct  3 07:56:59 EDT 2011: mkorbit installed ricec2@fornax.phys.rpi.edu
Mon Oct  3 07:56:59 EDT 2011: mkplummer installed ricec2@fornax.phys.rpi.edu
Mon Oct  3 07:56:59 EDT 2011: mkspiral installed ricec2@fornax.phys.rpi.edu
Mon Oct  3 07:57:00 EDT 2011: nbody0 installed ricec2@fornax.phys.rpi.edu
Mon Oct  3 07:57:00 EDT 2011: nbody00 installed ricec2@fornax.phys.rpi.edu
Mon Oct  3 07:57:00 EDT 2011: nbody1 installed ricec2@fornax.phys.rpi.edu
Mon Oct  3 07:57:00 EDT 2011: nemoinp installed ricec2@fornax.phys.rpi.edu
Mon Oct  3 07:57:01 EDT 2011: orbint installed ricec2@fornax.phys.rpi.edu
Mon Oct  3 07:57:01 EDT 2011: orbintv installed ricec2@fornax.phys.rpi.edu
Mon Oct  3 07:57:01 EDT 2011: orblist installed ricec2@fornax.phys.rpi.edu
Mon Oct  3 07:57:01 EDT 2011: otos installed ricec2@fornax.phys.rpi.edu
Mon Oct  3 07:57:01 EDT 2011: potccd installed ricec2@fornax.phys.rpi.edu
Mon Oct  3 07:57:02 EDT 2011: potcode installed ricec2@fornax.phys.rpi.edu
Mon Oct  3 07:57:02 EDT 2011: potlist installed ricec2@fornax.phys.rpi.edu
Mon Oct  3 07:57:02 EDT 2011: potq installed ricec2@fornax.phys.rpi.edu
Mon Oct  3 07:57:02 EDT 2011: potrot installed ricec2@fornax.phys.rpi.edu
Mon Oct  3 07:57:02 EDT 2011: radprof installed ricec2@fornax.phys.rpi.edu
Mon Oct  3 07:57:04 EDT 2011: rotcurshape installed ricec2@fornax.phys.rpi.edu
Mon Oct  3 07:57:04 EDT 2011: rotcurtab installed ricec2@fornax.phys.rpi.edu
Mon Oct  3 07:57:04 EDT 2011: rotcurves installed ricec2@fornax.phys.rpi.edu
Mon Oct  3 07:57:04 EDT 2011: rsf installed ricec2@fornax.phys.rpi.edu
Mon Oct  3 07:57:04 EDT 2011: runbody1 installed ricec2@fornax.phys.rpi.edu
Mon Oct  3 07:57:04 EDT 2011: runbody4 installed ricec2@fornax.phys.rpi.edu
Mon Oct  3 07:57:05 EDT 2011: rungalaxy installed ricec2@fornax.phys.rpi.edu
Mon Oct  3 07:57:05 EDT 2011: runscfm installed ricec2@fornax.phys.rpi.edu
Mon Oct  3 07:57:05 EDT 2011: scanfits installed ricec2@fornax.phys.rpi.edu
Mon Oct  3 07:57:06 EDT 2011: scfm installed ricec2@fornax.phys.rpi.edu
Mon Oct  3 07:57:06 EDT 2011: snapadd installed ricec2@fornax.phys.rpi.edu
Mon Oct  3 07:57:06 EDT 2011: snapccd installed ricec2@fornax.phys.rpi.edu
Mon Oct  3 07:57:06 EDT 2011: snapcenter installed ricec2@fornax.phys.rpi.edu
Mon Oct  3 07:57:07 EDT 2011: snapcmp installed ricec2@fornax.phys.rpi.edu
Mon Oct  3 07:57:07 EDT 2011: snapcopy installed ricec2@fornax.phys.rpi.edu
Mon Oct  3 07:57:07 EDT 2011: snapdens installed ricec2@fornax.phys.rpi.edu
Mon Oct  3 07:57:07 EDT 2011: snapdiagplot installed ricec2@fornax.phys.rpi.edu
Mon Oct  3 07:57:07 EDT 2011: snapenter installed ricec2@fornax.phys.rpi.edu
Mon Oct  3 07:57:08 EDT 2011: snapfit installed ricec2@fornax.phys.rpi.edu
Mon Oct  3 07:57:08 EDT 2011: snapfour installed ricec2@fornax.phys.rpi.edu
Mon Oct  3 07:57:08 EDT 2011: snapgadget installed ricec2@fornax.phys.rpi.edu
Mon Oct  3 07:57:09 EDT 2011: snapgrid installed ricec2@fornax.phys.rpi.edu
Mon Oct  3 07:57:09 EDT 2011: snapinert installed ricec2@fornax.phys.rpi.edu
Mon Oct  3 07:57:09 EDT 2011: snapmask installed ricec2@fornax.phys.rpi.edu
Mon Oct  3 07:57:09 EDT 2011: snapmass installed ricec2@fornax.phys.rpi.edu
Mon Oct  3 07:57:09 EDT 2011: snapmradii installed ricec2@fornax.phys.rpi.edu
Mon Oct  3 07:57:10 EDT 2011: snapplot installed ricec2@fornax.phys.rpi.edu
Mon Oct  3 07:57:10 EDT 2011: snapplot3 installed ricec2@fornax.phys.rpi.edu
Mon Oct  3 07:57:10 EDT 2011: snapplotv installed ricec2@fornax.phys.rpi.edu
Mon Oct  3 07:57:10 EDT 2011: snapprint installed ricec2@fornax.phys.rpi.edu
Mon Oct  3 07:57:10 EDT 2011: snaprect installed ricec2@fornax.phys.rpi.edu
Mon Oct  3 07:57:11 EDT 2011: snaprotate installed ricec2@fornax.phys.rpi.edu
Mon Oct  3 07:57:11 EDT 2011: snapscale installed ricec2@fornax.phys.rpi.edu
Mon Oct  3 07:57:11 EDT 2011: snapshift installed ricec2@fornax.phys.rpi.edu
Mon Oct  3 07:57:11 EDT 2011: snapslit installed ricec2@fornax.phys.rpi.edu
Mon Oct  3 07:57:12 EDT 2011: snapsplit installed ricec2@fornax.phys.rpi.edu
Mon Oct  3 07:57:12 EDT 2011: snapstack installed ricec2@fornax.phys.rpi.edu
Mon Oct  3 07:57:12 EDT 2011: snaptipsy installed ricec2@fornax.phys.rpi.edu
Mon Oct  3 07:57:12 EDT 2011: snaptrim installed ricec2@fornax.phys.rpi.edu
Mon Oct  3 07:57:12 EDT 2011: snapxyz installed ricec2@fornax.phys.rpi.edu
Mon Oct  3 07:57:13 EDT 2011: stoa installed ricec2@fornax.phys.rpi.edu
Mon Oct  3 07:57:13 EDT 2011: stou4 installed ricec2@fornax.phys.rpi.edu
Mon Oct  3 07:57:13 EDT 2011: tabdate installed ricec2@fornax.phys.rpi.edu
Mon Oct  3 07:57:13 EDT 2011: tabfilter installed ricec2@fornax.phys.rpi.edu
Mon Oct  3 07:57:13 EDT 2011: tabfits installed ricec2@fornax.phys.rpi.edu
Mon Oct  3 07:57:13 EDT 2011: tabhist installed ricec2@fornax.phys.rpi.edu
Mon Oct  3 07:57:14 EDT 2011: tablsqfit installed ricec2@fornax.phys.rpi.edu
Mon Oct  3 07:57:14 EDT 2011: tabmath installed ricec2@fornax.phys.rpi.edu
Mon Oct  3 07:57:14 EDT 2011: tabnllsqfit installed ricec2@fornax.phys.rpi.edu
Mon Oct  3 07:57:15 EDT 2011: tabplot installed ricec2@fornax.phys.rpi.edu
Mon Oct  3 07:57:15 EDT 2011: tabspline installed ricec2@fornax.phys.rpi.edu
Mon Oct  3 07:57:15 EDT 2011: tabtos installed ricec2@fornax.phys.rpi.edu
Mon Oct  3 07:57:15 EDT 2011: tabtrend installed ricec2@fornax.phys.rpi.edu
Mon Oct  3 07:57:16 EDT 2011: tipsysnap installed ricec2@fornax.phys.rpi.edu
Mon Oct  3 07:57:16 EDT 2011: treecode1 installed ricec2@fornax.phys.rpi.edu
Mon Oct  3 07:57:16 EDT 2011: tsf installed ricec2@fornax.phys.rpi.edu
Mon Oct  3 07:57:16 EDT 2011: u3tos installed ricec2@fornax.phys.rpi.edu
Mon Oct  3 07:57:17 EDT 2011: unfio installed ricec2@fornax.phys.rpi.edu
Mon Oct  3 07:57:17 EDT 2011: velcube installed ricec2@fornax.phys.rpi.edu
Mon Oct  3 07:57:17 EDT 2011: velfit installed ricec2@fornax.phys.rpi.edu
Mon Oct  3 07:57:17 EDT 2011: wcs installed ricec2@fornax.phys.rpi.edu
Mon Oct  3 07:57:17 EDT 2011: xrandom installed ricec2@fornax.phys.rpi.edu
Mon Oct  3 07:57:17 EDT 2011: hisf installed ricec2@fornax.phys.rpi.edu
Mon Oct  3 07:57:18 EDT 2011: hackforce installed ricec2@fornax.phys.rpi.edu
