This file contains any messages produced by compilers while
running configure, to aid debugging if configure makes a mistake.

It was created by configure, which was
generated by GNU Autoconf 2.59.  Invocation command line was

  $ ./configure --with-yapp=pgplot --with-pgplot-prefix=/home/ricec2/nbody-rebuild/for-colin-and-julie/nemo_cvs/lib

## --------- ##
## Platform. ##
## --------- ##

hostname = fornax.phys.rpi.edu
uname -m = x86_64
uname -r = 2.6.18-164.2.1.el5
uname -s = Linux
uname -v = #1 SMP Wed Sep 30 12:52:46 EDT 2009

/usr/bin/uname -p = unknown
/bin/uname -X     = unknown

/bin/arch              = x86_64
/usr/bin/arch -k       = unknown
/usr/convex/getsysinfo = unknown
hostinfo               = unknown
/bin/machine           = unknown
/usr/bin/oslevel       = unknown
/bin/universe          = unknown

PATH: /usr/kerberos/bin
PATH: /usr/local/bin
PATH: /bin
PATH: /usr/bin
PATH: /home/ricec2/bin


## ----------- ##
## Core tests. ##
## ----------- ##

configure:1425: checking build system type
configure:1443: result: x86_64-unknown-linux-gnu
configure:1451: checking host system type
configure:1465: result: x86_64-unknown-linux-gnu
configure:1521: checking for gcc
configure:1537: found /usr/bin/gcc
configure:1547: result: gcc
configure:1791: checking for C compiler version
configure:1794: gcc --version </dev/null >&5
gcc (GCC) 4.1.2 20080704 (Red Hat 4.1.2-48)
Copyright (C) 2006 Free Software Foundation, Inc.
This is free software; see the source for copying conditions.  There is NO
warranty; not even for MERCHANTABILITY or FITNESS FOR A PARTICULAR PURPOSE.

configure:1797: $? = 0
configure:1799: gcc -v </dev/null >&5
Using built-in specs.
Target: x86_64-redhat-linux
Configured with: ../configure --prefix=/usr --mandir=/usr/share/man --infodir=/usr/share/info --enable-shared --enable-threads=posix --enable-checking=release --with-system-zlib --enable-__cxa_atexit --disable-libunwind-exceptions --enable-libgcj-multifile --enable-languages=c,c++,objc,obj-c++,java,fortran,ada --enable-java-awt=gtk --disable-dssi --enable-plugin --with-java-home=/usr/lib/jvm/java-1.4.2-gcj-1.4.2.0/jre --with-cpu=generic --host=x86_64-redhat-linux
Thread model: posix
gcc version 4.1.2 20080704 (Red Hat 4.1.2-48)
configure:1802: $? = 0
configure:1804: gcc -V </dev/null >&5
gcc: '-V' option must have argument
configure:1807: $? = 1
configure:1830: checking for C compiler default output file name
configure:1833: gcc    conftest.c  >&5
configure:1836: $? = 0
configure:1882: result: a.out
configure:1887: checking whether the C compiler works
configure:1893: ./a.out
configure:1896: $? = 0
configure:1913: result: yes
configure:1920: checking whether we are cross compiling
configure:1922: result: no
configure:1925: checking for suffix of executables
configure:1927: gcc -o conftest    conftest.c  >&5
configure:1930: $? = 0
configure:1955: result: 
configure:1961: checking for suffix of object files
configure:1982: gcc -c   conftest.c >&5
configure:1985: $? = 0
configure:2007: result: o
configure:2011: checking whether we are using the GNU C compiler
configure:2035: gcc -c   conftest.c >&5
configure:2041: $? = 0
configure:2045: test -z 
			 || test ! -s conftest.err
configure:2048: $? = 0
configure:2051: test -s conftest.o
configure:2054: $? = 0
configure:2067: result: yes
configure:2073: checking whether gcc accepts -g
configure:2094: gcc -c -g  conftest.c >&5
configure:2100: $? = 0
configure:2104: test -z 
			 || test ! -s conftest.err
configure:2107: $? = 0
configure:2110: test -s conftest.o
configure:2113: $? = 0
configure:2124: result: yes
configure:2141: checking for gcc option to accept ANSI C
configure:2211: gcc  -c -g -O2  conftest.c >&5
configure:2217: $? = 0
configure:2221: test -z 
			 || test ! -s conftest.err
configure:2224: $? = 0
configure:2227: test -s conftest.o
configure:2230: $? = 0
configure:2248: result: none needed
configure:2266: gcc -c -g -O2  conftest.c >&5
conftest.c:2: error: expected '=', ',', ';', 'asm' or '__attribute__' before 'me'
configure:2272: $? = 1
configure: failed program was:
| #ifndef __cplusplus
|   choke me
| #endif
configure:2411: checking how to run the C preprocessor
configure:2446: gcc -E  conftest.c
configure:2452: $? = 0
configure:2484: gcc -E  conftest.c
conftest.c:9:28: error: ac_nonexistent.h: No such file or directory
configure:2490: $? = 1
configure: failed program was:
| /* confdefs.h.  */
| 
| #define PACKAGE_NAME ""
| #define PACKAGE_TARNAME ""
| #define PACKAGE_VERSION ""
| #define PACKAGE_STRING ""
| #define PACKAGE_BUGREPORT ""
| /* end confdefs.h.  */
| #include <ac_nonexistent.h>
configure:2529: result: gcc -E
configure:2553: gcc -E  conftest.c
configure:2559: $? = 0
configure:2591: gcc -E  conftest.c
conftest.c:9:28: error: ac_nonexistent.h: No such file or directory
configure:2597: $? = 1
configure: failed program was:
| /* confdefs.h.  */
| 
| #define PACKAGE_NAME ""
| #define PACKAGE_TARNAME ""
| #define PACKAGE_VERSION ""
| #define PACKAGE_STRING ""
| #define PACKAGE_BUGREPORT ""
| /* end confdefs.h.  */
| #include <ac_nonexistent.h>
configure:2641: checking for egrep
configure:2651: result: grep -E
configure:2656: checking for ANSI C header files
configure:2681: gcc -c -g -O2  conftest.c >&5
configure:2687: $? = 0
configure:2691: test -z 
			 || test ! -s conftest.err
configure:2694: $? = 0
configure:2697: test -s conftest.o
configure:2700: $? = 0
configure:2789: gcc -o conftest -g -O2   conftest.c  >&5
conftest.c: In function 'main':
conftest.c:26: warning: incompatible implicit declaration of built-in function 'exit'
configure:2792: $? = 0
configure:2794: ./conftest
configure:2797: $? = 0
configure:2812: result: yes
configure:2836: checking for sys/types.h
configure:2852: gcc -c -g -O2  conftest.c >&5
configure:2858: $? = 0
configure:2862: test -z 
			 || test ! -s conftest.err
configure:2865: $? = 0
configure:2868: test -s conftest.o
configure:2871: $? = 0
configure:2882: result: yes
configure:2836: checking for sys/stat.h
configure:2852: gcc -c -g -O2  conftest.c >&5
configure:2858: $? = 0
configure:2862: test -z 
			 || test ! -s conftest.err
configure:2865: $? = 0
configure:2868: test -s conftest.o
configure:2871: $? = 0
configure:2882: result: yes
configure:2836: checking for stdlib.h
configure:2852: gcc -c -g -O2  conftest.c >&5
configure:2858: $? = 0
configure:2862: test -z 
			 || test ! -s conftest.err
configure:2865: $? = 0
configure:2868: test -s conftest.o
configure:2871: $? = 0
configure:2882: result: yes
configure:2836: checking for string.h
configure:2852: gcc -c -g -O2  conftest.c >&5
configure:2858: $? = 0
configure:2862: test -z 
			 || test ! -s conftest.err
configure:2865: $? = 0
configure:2868: test -s conftest.o
configure:2871: $? = 0
configure:2882: result: yes
configure:2836: checking for memory.h
configure:2852: gcc -c -g -O2  conftest.c >&5
configure:2858: $? = 0
configure:2862: test -z 
			 || test ! -s conftest.err
configure:2865: $? = 0
configure:2868: test -s conftest.o
configure:2871: $? = 0
configure:2882: result: yes
configure:2836: checking for strings.h
configure:2852: gcc -c -g -O2  conftest.c >&5
configure:2858: $? = 0
configure:2862: test -z 
			 || test ! -s conftest.err
configure:2865: $? = 0
configure:2868: test -s conftest.o
configure:2871: $? = 0
configure:2882: result: yes
configure:2836: checking for inttypes.h
configure:2852: gcc -c -g -O2  conftest.c >&5
configure:2858: $? = 0
configure:2862: test -z 
			 || test ! -s conftest.err
configure:2865: $? = 0
configure:2868: test -s conftest.o
configure:2871: $? = 0
configure:2882: result: yes
configure:2836: checking for stdint.h
configure:2852: gcc -c -g -O2  conftest.c >&5
configure:2858: $? = 0
configure:2862: test -z 
			 || test ! -s conftest.err
configure:2865: $? = 0
configure:2868: test -s conftest.o
configure:2871: $? = 0
configure:2882: result: yes
configure:2836: checking for unistd.h
configure:2852: gcc -c -g -O2  conftest.c >&5
configure:2858: $? = 0
configure:2862: test -z 
			 || test ! -s conftest.err
configure:2865: $? = 0
configure:2868: test -s conftest.o
configure:2871: $? = 0
configure:2882: result: yes
configure:2894: checking for float
configure:2918: gcc -c -g -O2  conftest.c >&5
configure:2924: $? = 0
configure:2928: test -z 
			 || test ! -s conftest.err
configure:2931: $? = 0
configure:2934: test -s conftest.o
configure:2937: $? = 0
configure:2948: result: yes
configure:2951: checking size of float
configure:3270: gcc -o conftest -g -O2   conftest.c  >&5
configure:3273: $? = 0
configure:3275: ./conftest
configure:3278: $? = 0
configure:3301: result: 4
configure:3308: checking for double
configure:3332: gcc -c -g -O2  conftest.c >&5
configure:3338: $? = 0
configure:3342: test -z 
			 || test ! -s conftest.err
configure:3345: $? = 0
configure:3348: test -s conftest.o
configure:3351: $? = 0
configure:3362: result: yes
configure:3365: checking size of double
configure:3684: gcc -o conftest -g -O2   conftest.c  >&5
configure:3687: $? = 0
configure:3689: ./conftest
configure:3692: $? = 0
configure:3715: result: 8
configure:3722: checking for long double
configure:3746: gcc -c -g -O2  conftest.c >&5
configure:3752: $? = 0
configure:3756: test -z 
			 || test ! -s conftest.err
configure:3759: $? = 0
configure:3762: test -s conftest.o
configure:3765: $? = 0
configure:3776: result: yes
configure:3779: checking size of long double
configure:4098: gcc -o conftest -g -O2   conftest.c  >&5
configure:4101: $? = 0
configure:4103: ./conftest
configure:4106: $? = 0
configure:4129: result: 16
configure:4136: checking for char
configure:4160: gcc -c -g -O2  conftest.c >&5
configure:4166: $? = 0
configure:4170: test -z 
			 || test ! -s conftest.err
configure:4173: $? = 0
configure:4176: test -s conftest.o
configure:4179: $? = 0
configure:4190: result: yes
configure:4193: checking size of char
configure:4512: gcc -o conftest -g -O2   conftest.c  >&5
configure:4515: $? = 0
configure:4517: ./conftest
configure:4520: $? = 0
configure:4543: result: 1
configure:4550: checking for short
configure:4574: gcc -c -g -O2  conftest.c >&5
configure:4580: $? = 0
configure:4584: test -z 
			 || test ! -s conftest.err
configure:4587: $? = 0
configure:4590: test -s conftest.o
configure:4593: $? = 0
configure:4604: result: yes
configure:4607: checking size of short
configure:4926: gcc -o conftest -g -O2   conftest.c  >&5
configure:4929: $? = 0
configure:4931: ./conftest
configure:4934: $? = 0
configure:4957: result: 2
configure:4964: checking for int
configure:4988: gcc -c -g -O2  conftest.c >&5
configure:4994: $? = 0
configure:4998: test -z 
			 || test ! -s conftest.err
configure:5001: $? = 0
configure:5004: test -s conftest.o
configure:5007: $? = 0
configure:5018: result: yes
configure:5021: checking size of int
configure:5340: gcc -o conftest -g -O2   conftest.c  >&5
configure:5343: $? = 0
configure:5345: ./conftest
configure:5348: $? = 0
configure:5371: result: 4
configure:5378: checking for long
configure:5402: gcc -c -g -O2  conftest.c >&5
configure:5408: $? = 0
configure:5412: test -z 
			 || test ! -s conftest.err
configure:5415: $? = 0
configure:5418: test -s conftest.o
configure:5421: $? = 0
configure:5432: result: yes
configure:5435: checking size of long
configure:5754: gcc -o conftest -g -O2   conftest.c  >&5
configure:5757: $? = 0
configure:5759: ./conftest
configure:5762: $? = 0
configure:5785: result: 8
configure:5792: checking for long long
configure:5816: gcc -c -g -O2  conftest.c >&5
configure:5822: $? = 0
configure:5826: test -z 
			 || test ! -s conftest.err
configure:5829: $? = 0
configure:5832: test -s conftest.o
configure:5835: $? = 0
configure:5846: result: yes
configure:5849: checking size of long long
configure:6168: gcc -o conftest -g -O2   conftest.c  >&5
configure:6171: $? = 0
configure:6173: ./conftest
configure:6176: $? = 0
configure:6199: result: 8
configure:6208: checking for ANSI C header files
configure:6364: result: yes
configure:6379: checking for strchr
configure:6436: gcc -o conftest -g -O2   conftest.c  >&5
conftest.c:52: warning: conflicting types for built-in function 'strchr'
configure:6442: $? = 0
configure:6446: test -z 
			 || test ! -s conftest.err
configure:6449: $? = 0
configure:6452: test -s conftest
configure:6455: $? = 0
configure:6467: result: yes
configure:6379: checking for memcpy
configure:6436: gcc -o conftest -g -O2   conftest.c  >&5
conftest.c:53: warning: conflicting types for built-in function 'memcpy'
configure:6442: $? = 0
configure:6446: test -z 
			 || test ! -s conftest.err
configure:6449: $? = 0
configure:6452: test -s conftest
configure:6455: $? = 0
configure:6467: result: yes
configure:6479: checking for vendor's cc to be used instead of gcc
configure:6483: checking for cc
configure:6509: result: gcc
configure:6833: checking for C compiler version
configure:6836: gcc --version </dev/null >&5
gcc (GCC) 4.1.2 20080704 (Red Hat 4.1.2-48)
Copyright (C) 2006 Free Software Foundation, Inc.
This is free software; see the source for copying conditions.  There is NO
warranty; not even for MERCHANTABILITY or FITNESS FOR A PARTICULAR PURPOSE.

configure:6839: $? = 0
configure:6841: gcc -v </dev/null >&5
Using built-in specs.
Target: x86_64-redhat-linux
Configured with: ../configure --prefix=/usr --mandir=/usr/share/man --infodir=/usr/share/info --enable-shared --enable-threads=posix --enable-checking=release --with-system-zlib --enable-__cxa_atexit --disable-libunwind-exceptions --enable-libgcj-multifile --enable-languages=c,c++,objc,obj-c++,java,fortran,ada --enable-java-awt=gtk --disable-dssi --enable-plugin --with-java-home=/usr/lib/jvm/java-1.4.2-gcj-1.4.2.0/jre --with-cpu=generic --host=x86_64-redhat-linux
Thread model: posix
gcc version 4.1.2 20080704 (Red Hat 4.1.2-48)
configure:6844: $? = 0
configure:6846: gcc -V </dev/null >&5
gcc: '-V' option must have argument
configure:6849: $? = 1
configure:6852: checking whether we are using the GNU C compiler
configure:6908: result: yes
configure:6914: checking whether gcc accepts -g
configure:6965: result: yes
configure:6982: checking for gcc option to accept ANSI C
configure:7089: result: none needed
configure:7107: gcc -c -g -O2  conftest.c >&5
conftest.c:2: error: expected '=', ',', ';', 'asm' or '__attribute__' before 'me'
configure:7113: $? = 1
configure: failed program was:
| #ifndef __cplusplus
|   choke me
| #endif
configure:7298: checking for g++
configure:7314: found /usr/bin/g++
configure:7324: result: g++
configure:7340: checking for C++ compiler version
configure:7343: g++ --version </dev/null >&5
g++ (GCC) 4.1.2 20080704 (Red Hat 4.1.2-48)
Copyright (C) 2006 Free Software Foundation, Inc.
This is free software; see the source for copying conditions.  There is NO
warranty; not even for MERCHANTABILITY or FITNESS FOR A PARTICULAR PURPOSE.

configure:7346: $? = 0
configure:7348: g++ -v </dev/null >&5
Using built-in specs.
Target: x86_64-redhat-linux
Configured with: ../configure --prefix=/usr --mandir=/usr/share/man --infodir=/usr/share/info --enable-shared --enable-threads=posix --enable-checking=release --with-system-zlib --enable-__cxa_atexit --disable-libunwind-exceptions --enable-libgcj-multifile --enable-languages=c,c++,objc,obj-c++,java,fortran,ada --enable-java-awt=gtk --disable-dssi --enable-plugin --with-java-home=/usr/lib/jvm/java-1.4.2-gcj-1.4.2.0/jre --with-cpu=generic --host=x86_64-redhat-linux
Thread model: posix
gcc version 4.1.2 20080704 (Red Hat 4.1.2-48)
configure:7351: $? = 0
configure:7353: g++ -V </dev/null >&5
g++: '-V' option must have argument
configure:7356: $? = 1
configure:7359: checking whether we are using the GNU C++ compiler
configure:7383: g++ -c   conftest.cc >&5
configure:7389: $? = 0
configure:7393: test -z 
			 || test ! -s conftest.err
configure:7396: $? = 0
configure:7399: test -s conftest.o
configure:7402: $? = 0
configure:7415: result: yes
configure:7421: checking whether g++ accepts -g
configure:7442: g++ -c -g  conftest.cc >&5
configure:7448: $? = 0
configure:7452: test -z 
			 || test ! -s conftest.err
configure:7455: $? = 0
configure:7458: test -s conftest.o
configure:7461: $? = 0
configure:7472: result: yes
configure:7514: g++ -c -g -O2  conftest.cc >&5
configure:7520: $? = 0
configure:7524: test -z 
			 || test ! -s conftest.err
configure:7527: $? = 0
configure:7530: test -s conftest.o
configure:7533: $? = 0
configure:7559: g++ -c -g -O2  conftest.cc >&5
conftest.cc: In function 'int main()':
conftest.cc:34: error: 'exit' was not declared in this scope
configure:7565: $? = 1
configure: failed program was:
| /* confdefs.h.  */
| 
| #define PACKAGE_NAME ""
| #define PACKAGE_TARNAME ""
| #define PACKAGE_VERSION ""
| #define PACKAGE_STRING ""
| #define PACKAGE_BUGREPORT ""
| #define STDC_HEADERS 1
| #define HAVE_SYS_TYPES_H 1
| #define HAVE_SYS_STAT_H 1
| #define HAVE_STDLIB_H 1
| #define HAVE_STRING_H 1
| #define HAVE_MEMORY_H 1
| #define HAVE_STRINGS_H 1
| #define HAVE_INTTYPES_H 1
| #define HAVE_STDINT_H 1
| #define HAVE_UNISTD_H 1
| #define SIZEOF_FLOAT 4
| #define SIZEOF_DOUBLE 8
| #define SIZEOF_LONG_DOUBLE 16
| #define SIZEOF_CHAR 1
| #define SIZEOF_SHORT 2
| #define SIZEOF_INT 4
| #define SIZEOF_LONG 8
| #define SIZEOF_LONG_LONG 8
| #define STDC_HEADERS 1
| #define HAVE_STRCHR 1
| #define HAVE_MEMCPY 1
| /* end confdefs.h.  */
| 
| int
| main ()
| {
| exit (42);
|   ;
|   return 0;
| }
configure:7514: g++ -c -g -O2  conftest.cc >&5
configure:7520: $? = 0
configure:7524: test -z 
			 || test ! -s conftest.err
configure:7527: $? = 0
configure:7530: test -s conftest.o
configure:7533: $? = 0
configure:7559: g++ -c -g -O2  conftest.cc >&5
configure:7565: $? = 0
configure:7569: test -z 
			 || test ! -s conftest.err
configure:7572: $? = 0
configure:7575: test -s conftest.o
configure:7578: $? = 0
configure:7605: checking for gawk
configure:7621: found /bin/gawk
configure:7631: result: gawk
configure:7654: checking for a BSD-compatible install
configure:7709: result: /usr/bin/install -c
configure:7720: checking whether ln -s works
configure:7724: result: yes
configure:7731: checking whether make sets $(MAKE)
configure:7751: result: yes
configure:7801: checking for ranlib
configure:7817: found /usr/bin/ranlib
configure:7828: result: ranlib
configure:7859: checking for gmake
configure:7875: found /usr/bin/gmake
configure:7885: result: gmake
configure:7901: checking whether gmake is GNU Make
configure:7906: result: yes
configure:7950: checking which precision NEMO is going to use
configure:7993: result: 
configure:7997: checking if the gnu coverage tool is to be used
configure:8010: result: no
configure:8064: checking for X
configure:8169: gcc -E  conftest.c
configure:8175: $? = 0
configure:8294: result: libraries /usr/lib64, headers 
configure:8466: gcc -o conftest -g -O2 -D_FILE_OFFSET_BITS=64 -D_LARGEFILE_SOURCE -D_LARGEFILE64_SOURCE   conftest.c   -L/usr/lib64 -lX11 >&5
configure:8472: $? = 0
configure:8476: test -z 
			 || test ! -s conftest.err
configure:8479: $? = 0
configure:8482: test -s conftest
configure:8485: $? = 0
configure:8643: checking for gethostbyname
configure:8700: gcc -o conftest -g -O2 -D_FILE_OFFSET_BITS=64 -D_LARGEFILE_SOURCE -D_LARGEFILE64_SOURCE   conftest.c  >&5
configure:8706: $? = 0
configure:8710: test -z 
			 || test ! -s conftest.err
configure:8713: $? = 0
configure:8716: test -s conftest
configure:8719: $? = 0
configure:8731: result: yes
configure:8882: checking for connect
configure:8939: gcc -o conftest -g -O2 -D_FILE_OFFSET_BITS=64 -D_LARGEFILE_SOURCE -D_LARGEFILE64_SOURCE   conftest.c  >&5
configure:8945: $? = 0
configure:8949: test -z 
			 || test ! -s conftest.err
configure:8952: $? = 0
configure:8955: test -s conftest
configure:8958: $? = 0
configure:8970: result: yes
configure:9045: checking for remove
configure:9102: gcc -o conftest -g -O2 -D_FILE_OFFSET_BITS=64 -D_LARGEFILE_SOURCE -D_LARGEFILE64_SOURCE   conftest.c  >&5
configure:9108: $? = 0
configure:9112: test -z 
			 || test ! -s conftest.err
configure:9115: $? = 0
configure:9118: test -s conftest
configure:9121: $? = 0
configure:9133: result: yes
configure:9208: checking for shmat
configure:9265: gcc -o conftest -g -O2 -D_FILE_OFFSET_BITS=64 -D_LARGEFILE_SOURCE -D_LARGEFILE64_SOURCE   conftest.c  >&5
configure:9271: $? = 0
configure:9275: test -z 
			 || test ! -s conftest.err
configure:9278: $? = 0
configure:9281: test -s conftest
configure:9284: $? = 0
configure:9296: result: yes
configure:9380: checking for IceConnectionNumber in -lICE
configure:9410: gcc -o conftest -g -O2 -D_FILE_OFFSET_BITS=64 -D_LARGEFILE_SOURCE -D_LARGEFILE64_SOURCE   -L/usr/lib64 conftest.c -lICE   >&5
configure:9416: $? = 0
configure:9420: test -z 
			 || test ! -s conftest.err
configure:9423: $? = 0
configure:9426: test -s conftest
configure:9429: $? = 0
configure:9442: result: yes
configure:9466: checking for glBegin in -lGL
configure:9496: gcc -o conftest -g -O2 -D_FILE_OFFSET_BITS=64 -D_LARGEFILE_SOURCE -D_LARGEFILE64_SOURCE   conftest.c -lGL  -L/usr/lib64  -lSM -lICE -lXext -lX11   >&5
configure:9502: $? = 0
configure:9506: test -z 
			 || test ! -s conftest.err
configure:9509: $? = 0
configure:9512: test -s conftest
configure:9515: $? = 0
configure:9528: result: yes
configure:9531: checking for gluProject in -lGLU
configure:9561: gcc -o conftest -g -O2 -D_FILE_OFFSET_BITS=64 -D_LARGEFILE_SOURCE -D_LARGEFILE64_SOURCE   conftest.c -lGLU -lGL  -L/usr/lib64  -lSM -lICE -lXext -lX11   >&5
configure:9567: $? = 0
configure:9571: test -z 
			 || test ! -s conftest.err
configure:9574: $? = 0
configure:9577: test -s conftest
configure:9580: $? = 0
configure:9593: result: yes
configure:10280: checking for XMesaGetBackBuffer
configure:10337: gcc -o conftest -g -O2 -D_FILE_OFFSET_BITS=64 -D_LARGEFILE_SOURCE -D_LARGEFILE64_SOURCE   conftest.c -lGLU -lGL  -L/usr/lib64  -lSM -lICE -lXext -lX11   >&5
/tmp/ccUyIf0q.o: In function `main':
/home/ricec2/nbody-rebuild/for-colin-and-julie/nemo_cvs/conftest.c:73: undefined reference to `XMesaGetBackBuffer'
/tmp/ccUyIf0q.o:(.data+0x0): undefined reference to `XMesaGetBackBuffer'
collect2: ld returned 1 exit status
configure:10343: $? = 1
configure: failed program was:
| /* confdefs.h.  */
| 
| #define PACKAGE_NAME ""
| #define PACKAGE_TARNAME ""
| #define PACKAGE_VERSION ""
| #define PACKAGE_STRING ""
| #define PACKAGE_BUGREPORT ""
| #define STDC_HEADERS 1
| #define HAVE_SYS_TYPES_H 1
| #define HAVE_SYS_STAT_H 1
| #define HAVE_STDLIB_H 1
| #define HAVE_STRING_H 1
| #define HAVE_MEMORY_H 1
| #define HAVE_STRINGS_H 1
| #define HAVE_INTTYPES_H 1
| #define HAVE_STDINT_H 1
| #define HAVE_UNISTD_H 1
| #define SIZEOF_FLOAT 4
| #define SIZEOF_DOUBLE 8
| #define SIZEOF_LONG_DOUBLE 16
| #define SIZEOF_CHAR 1
| #define SIZEOF_SHORT 2
| #define SIZEOF_INT 4
| #define SIZEOF_LONG 8
| #define SIZEOF_LONG_LONG 8
| #define STDC_HEADERS 1
| #define HAVE_STRCHR 1
| #define HAVE_MEMCPY 1
| #ifdef __cplusplus
| extern "C" void std::exit (int) throw (); using std::exit;
| #endif
| #define HAVE_OPENGL 1
| /* end confdefs.h.  */
| /* Define XMesaGetBackBuffer to an innocuous variant, in case <limits.h> declares XMesaGetBackBuffer.
|    For example, HP-UX 11i <limits.h> declares gettimeofday.  */
| #define XMesaGetBackBuffer innocuous_XMesaGetBackBuffer
| 
| /* System header to define __stub macros and hopefully few prototypes,
|     which can conflict with char XMesaGetBackBuffer (); below.
|     Prefer <limits.h> to <assert.h> if __STDC__ is defined, since
|     <limits.h> exists even on freestanding compilers.  */
| 
| #ifdef __STDC__
| # include <limits.h>
| #else
| # include <assert.h>
| #endif
| 
| #undef XMesaGetBackBuffer
| 
| /* Override any gcc2 internal prototype to avoid an error.  */
| #ifdef __cplusplus
| extern "C"
| {
| #endif
| /* We use char because int might match the return type of a gcc2
|    builtin and then its argument prototype would still apply.  */
| char XMesaGetBackBuffer ();
| /* The GNU C library defines this for functions which it implements
|     to always fail with ENOSYS.  Some functions are actually named
|     something starting with __ and the normal name is an alias.  */
| #if defined (__stub_XMesaGetBackBuffer) || defined (__stub___XMesaGetBackBuffer)
| choke me
| #else
| char (*f) () = XMesaGetBackBuffer;
| #endif
| #ifdef __cplusplus
| }
| #endif
| 
| int
| main ()
| {
| return f != XMesaGetBackBuffer;
|   ;
|   return 0;
| }
configure:10368: result: no
configure:10383: checking whether we have a FORTRAN 77 compiler
configure:10389: checking for gfortran
configure:10405: found /usr/bin/gfortran
configure:10415: result: gfortran
configure:10516: checking for Fortran 77 compiler version
configure:10520: gfortran --version </dev/null >&5
GNU Fortran (GCC) 4.1.2 20080704 (Red Hat 4.1.2-48)
Copyright (C) 2007 Free Software Foundation, Inc.

GNU Fortran comes with NO WARRANTY, to the extent permitted by law.
You may redistribute copies of GNU Fortran
under the terms of the GNU General Public License.
For more information about these matters, see the file named COPYING

configure:10523: $? = 0
configure:10525: gfortran -v </dev/null >&5
Using built-in specs.
Target: x86_64-redhat-linux
Configured with: ../configure --prefix=/usr --mandir=/usr/share/man --infodir=/usr/share/info --enable-shared --enable-threads=posix --enable-checking=release --with-system-zlib --enable-__cxa_atexit --disable-libunwind-exceptions --enable-libgcj-multifile --enable-languages=c,c++,objc,obj-c++,java,fortran,ada --enable-java-awt=gtk --disable-dssi --enable-plugin --with-java-home=/usr/lib/jvm/java-1.4.2-gcj-1.4.2.0/jre --with-cpu=generic --host=x86_64-redhat-linux
Thread model: posix
gcc version 4.1.2 20080704 (Red Hat 4.1.2-48)
configure:10528: $? = 0
configure:10530: gfortran -V </dev/null >&5
gfortran: '-V' option must have argument
configure:10533: $? = 1
configure:10541: checking whether we are using the GNU Fortran 77 compiler
configure:10555: gfortran -c  conftest.F >&5
configure:10561: $? = 0
configure:10565: test -z 
			 || test ! -s conftest.err
configure:10568: $? = 0
configure:10571: test -s conftest.o
configure:10574: $? = 0
configure:10587: result: yes
configure:10593: checking whether gfortran accepts -g
configure:10605: gfortran -c -g conftest.f >&5
configure:10611: $? = 0
configure:10615: test -z 
			 || test ! -s conftest.err
configure:10618: $? = 0
configure:10621: test -s conftest.o
configure:10624: $? = 0
configure:10636: result: yes
configure:10668: checking how to get verbose linking output from gfortran
configure:10679: gfortran -c -g -O2 conftest.f >&5
configure:10685: $? = 0
configure:10689: test -z 
			 || test ! -s conftest.err
configure:10692: $? = 0
configure:10695: test -s conftest.o
configure:10698: $? = 0
configure:10714: gfortran -o conftest -g -O2 -v  conftest.f  >&5
Using built-in specs.
Target: x86_64-redhat-linux
Configured with: ../configure --prefix=/usr --mandir=/usr/share/man --infodir=/usr/share/info --enable-shared --enable-threads=posix --enable-checking=release --with-system-zlib --enable-__cxa_atexit --disable-libunwind-exceptions --enable-libgcj-multifile --enable-languages=c,c++,objc,obj-c++,java,fortran,ada --enable-java-awt=gtk --disable-dssi --enable-plugin --with-java-home=/usr/lib/jvm/java-1.4.2-gcj-1.4.2.0/jre --with-cpu=generic --host=x86_64-redhat-linux
Thread model: posix
gcc version 4.1.2 20080704 (Red Hat 4.1.2-48)
 /usr/libexec/gcc/x86_64-redhat-linux/4.1.2/f951 conftest.f -ffixed-form -quiet -dumpbase conftest.f -mtune=generic -auxbase conftest -g -O2 -version -I /usr/lib/gcc/x86_64-redhat-linux/4.1.2/finclude -o /tmp/ccOePo1V.s
GNU F95 version 4.1.2 20080704 (Red Hat 4.1.2-48) (x86_64-redhat-linux)
	compiled by GNU C version 4.1.2 20080704 (Red Hat 4.1.2-48).
GGC heuristics: --param ggc-min-expand=100 --param ggc-min-heapsize=131072
 as -V -Qy -o /tmp/ccu2maNK.o /tmp/ccOePo1V.s
GNU assembler version 2.17.50.0.6-12.el5 (x86_64-redhat-linux) using BFD version 2.17.50.0.6-12.el5 20061020
 /usr/libexec/gcc/x86_64-redhat-linux/4.1.2/collect2 --eh-frame-hdr -m elf_x86_64 --hash-style=gnu -dynamic-linker /lib64/ld-linux-x86-64.so.2 -o conftest /usr/lib/gcc/x86_64-redhat-linux/4.1.2/../../../../lib64/crt1.o /usr/lib/gcc/x86_64-redhat-linux/4.1.2/../../../../lib64/crti.o /usr/lib/gcc/x86_64-redhat-linux/4.1.2/crtbegin.o -L/usr/lib/gcc/x86_64-redhat-linux/4.1.2 -L/usr/lib/gcc/x86_64-redhat-linux/4.1.2 -L/usr/lib/gcc/x86_64-redhat-linux/4.1.2/../../../../lib64 -L/lib/../lib64 -L/usr/lib/../lib64 /tmp/ccu2maNK.o -lgfortranbegin -lgfortran -lm -lgcc_s -lgcc -lc -lgcc_s -lgcc /usr/lib/gcc/x86_64-redhat-linux/4.1.2/crtend.o /usr/lib/gcc/x86_64-redhat-linux/4.1.2/../../../../lib64/crtn.o
configure:10770: result: -v
configure:10772: checking for Fortran libraries of gfortran
configure:10792: gfortran -o conftest -g -O2 -v  conftest.f  >&5
Using built-in specs.
Target: x86_64-redhat-linux
Configured with: ../configure --prefix=/usr --mandir=/usr/share/man --infodir=/usr/share/info --enable-shared --enable-threads=posix --enable-checking=release --with-system-zlib --enable-__cxa_atexit --disable-libunwind-exceptions --enable-libgcj-multifile --enable-languages=c,c++,objc,obj-c++,java,fortran,ada --enable-java-awt=gtk --disable-dssi --enable-plugin --with-java-home=/usr/lib/jvm/java-1.4.2-gcj-1.4.2.0/jre --with-cpu=generic --host=x86_64-redhat-linux
Thread model: posix
gcc version 4.1.2 20080704 (Red Hat 4.1.2-48)
 /usr/libexec/gcc/x86_64-redhat-linux/4.1.2/f951 conftest.f -ffixed-form -quiet -dumpbase conftest.f -mtune=generic -auxbase conftest -g -O2 -version -I /usr/lib/gcc/x86_64-redhat-linux/4.1.2/finclude -o /tmp/cc5DQaj1.s
GNU F95 version 4.1.2 20080704 (Red Hat 4.1.2-48) (x86_64-redhat-linux)
	compiled by GNU C version 4.1.2 20080704 (Red Hat 4.1.2-48).
GGC heuristics: --param ggc-min-expand=100 --param ggc-min-heapsize=131072
 as -V -Qy -o /tmp/ccWH425S.o /tmp/cc5DQaj1.s
GNU assembler version 2.17.50.0.6-12.el5 (x86_64-redhat-linux) using BFD version 2.17.50.0.6-12.el5 20061020
 /usr/libexec/gcc/x86_64-redhat-linux/4.1.2/collect2 --eh-frame-hdr -m elf_x86_64 --hash-style=gnu -dynamic-linker /lib64/ld-linux-x86-64.so.2 -o conftest /usr/lib/gcc/x86_64-redhat-linux/4.1.2/../../../../lib64/crt1.o /usr/lib/gcc/x86_64-redhat-linux/4.1.2/../../../../lib64/crti.o /usr/lib/gcc/x86_64-redhat-linux/4.1.2/crtbegin.o -L/usr/lib/gcc/x86_64-redhat-linux/4.1.2 -L/usr/lib/gcc/x86_64-redhat-linux/4.1.2 -L/usr/lib/gcc/x86_64-redhat-linux/4.1.2/../../../../lib64 -L/lib/../lib64 -L/usr/lib/../lib64 /tmp/ccWH425S.o -lgfortranbegin -lgfortran -lm -lgcc_s -lgcc -lc -lgcc_s -lgcc /usr/lib/gcc/x86_64-redhat-linux/4.1.2/crtend.o /usr/lib/gcc/x86_64-redhat-linux/4.1.2/../../../../lib64/crtn.o
configure:10954: result:  -L/usr/lib/gcc/x86_64-redhat-linux/4.1.2 -L/usr/lib/gcc/x86_64-redhat-linux/4.1.2/../../../../lib64 -L/lib/../lib64 -L/usr/lib/../lib64 -lgfortranbegin -lgfortran -lm -lgcc_s
configure:10969: checking how f77 mangles function names
configure:10980: gfortran -c -g -O2 mangle-func.f 1>&5
configure:10983: $? = 0
configure:11022: gcc -o conftest -g -O2 -D_FILE_OFFSET_BITS=64 -D_LARGEFILE_SOURCE -D_LARGEFILE64_SOURCE   conftest.c mangle-func.o  -L/usr/lib/gcc/x86_64-redhat-linux/4.1.2 -L/usr/lib/gcc/x86_64-redhat-linux/4.1.2/../../../../lib64 -L/lib/../lib64 -L/usr/lib/../lib64 -lgfortranbegin -lgfortran -lm -lgcc_s  >&5
/tmp/ccgpN581.o: In function `main':
/home/ricec2/nbody-rebuild/for-colin-and-julie/nemo_cvs/conftest.c:38: undefined reference to `foobar'
collect2: ld returned 1 exit status
configure:11028: $? = 1
configure: failed program was:
| /* confdefs.h.  */
| 
| #define PACKAGE_NAME ""
| #define PACKAGE_TARNAME ""
| #define PACKAGE_VERSION ""
| #define PACKAGE_STRING ""
| #define PACKAGE_BUGREPORT ""
| #define STDC_HEADERS 1
| #define HAVE_SYS_TYPES_H 1
| #define HAVE_SYS_STAT_H 1
| #define HAVE_STDLIB_H 1
| #define HAVE_STRING_H 1
| #define HAVE_MEMORY_H 1
| #define HAVE_STRINGS_H 1
| #define HAVE_INTTYPES_H 1
| #define HAVE_STDINT_H 1
| #define HAVE_UNISTD_H 1
| #define SIZEOF_FLOAT 4
| #define SIZEOF_DOUBLE 8
| #define SIZEOF_LONG_DOUBLE 16
| #define SIZEOF_CHAR 1
| #define SIZEOF_SHORT 2
| #define SIZEOF_INT 4
| #define SIZEOF_LONG 8
| #define SIZEOF_LONG_LONG 8
| #define STDC_HEADERS 1
| #define HAVE_STRCHR 1
| #define HAVE_MEMCPY 1
| #ifdef __cplusplus
| extern "C" void std::exit (int) throw (); using std::exit;
| #endif
| #define HAVE_OPENGL 1
| /* end confdefs.h.  */
| 
| int
| main ()
| {
| foobar();
|   ;
|   return 0;
| }
configure:11064: gcc -o conftest -g -O2 -D_FILE_OFFSET_BITS=64 -D_LARGEFILE_SOURCE -D_LARGEFILE64_SOURCE   conftest.c mangle-func.o  -L/usr/lib/gcc/x86_64-redhat-linux/4.1.2 -L/usr/lib/gcc/x86_64-redhat-linux/4.1.2/../../../../lib64 -L/lib/../lib64 -L/usr/lib/../lib64 -lgfortranbegin -lgfortran -lm -lgcc_s  >&5
configure:11070: $? = 0
configure:11074: test -z 
			 || test ! -s conftest.err
configure:11077: $? = 0
configure:11080: test -s conftest
configure:11083: $? = 0
configure:11193: result: lowercase-underscore
configure:11228: checking if f77 functions with an underscore get an extra underscore
configure:11257: gcc -o conftest -g -O2 -D_FILE_OFFSET_BITS=64 -D_LARGEFILE_SOURCE -D_LARGEFILE64_SOURCE   conftest.c mangle-func.o  -L/usr/lib/gcc/x86_64-redhat-linux/4.1.2 -L/usr/lib/gcc/x86_64-redhat-linux/4.1.2/../../../../lib64 -L/lib/../lib64 -L/usr/lib/../lib64 -lgfortranbegin -lgfortran -lm -lgcc_s  >&5
/tmp/ccaqxOVc.o: In function `main':
/home/ricec2/nbody-rebuild/for-colin-and-julie/nemo_cvs/conftest.c:39: undefined reference to `foo_bar__'
collect2: ld returned 1 exit status
configure:11263: $? = 1
configure: failed program was:
| /* confdefs.h.  */
| 
| #define PACKAGE_NAME ""
| #define PACKAGE_TARNAME ""
| #define PACKAGE_VERSION ""
| #define PACKAGE_STRING ""
| #define PACKAGE_BUGREPORT ""
| #define STDC_HEADERS 1
| #define HAVE_SYS_TYPES_H 1
| #define HAVE_SYS_STAT_H 1
| #define HAVE_STDLIB_H 1
| #define HAVE_STRING_H 1
| #define HAVE_MEMORY_H 1
| #define HAVE_STRINGS_H 1
| #define HAVE_INTTYPES_H 1
| #define HAVE_STDINT_H 1
| #define HAVE_UNISTD_H 1
| #define SIZEOF_FLOAT 4
| #define SIZEOF_DOUBLE 8
| #define SIZEOF_LONG_DOUBLE 16
| #define SIZEOF_CHAR 1
| #define SIZEOF_SHORT 2
| #define SIZEOF_INT 4
| #define SIZEOF_LONG 8
| #define SIZEOF_LONG_LONG 8
| #define STDC_HEADERS 1
| #define HAVE_STRCHR 1
| #define HAVE_MEMCPY 1
| #ifdef __cplusplus
| extern "C" void std::exit (int) throw (); using std::exit;
| #endif
| #define HAVE_OPENGL 1
| #define FORTRANIZE_LOWERCASE_UNDERSCORE 1
| /* end confdefs.h.  */
| 
| int
| main ()
| {
| foo_bar__();
|   ;
|   return 0;
| }
configure:11299: result: no
configure:11327: checking for f77 flags to use C main function
configure:11343: gcc -c -g -O2 -D_FILE_OFFSET_BITS=64 -D_LARGEFILE_SOURCE -D_LARGEFILE64_SOURCE  conftest.c >&5
configure:11349: $? = 0
configure:11353: test -z 
			 || test ! -s conftest.err
configure:11356: $? = 0
configure:11359: test -s conftest.o
configure:11362: $? = 0
configure:11400: gfortran -o conftest -g -O2  conftest.f conftest_cmain.o  >&5
configure:11406: $? = 0
configure:11410: test -z 
			 || test ! -s conftest.err
configure:11413: $? = 0
configure:11416: test -s conftest
configure:11419: $? = 0
configure:11440: result: none
configure:11460: checking size of unformatted fortran I/O header/footer
configure:11466: result: 8
configure:11484: checking what flags we need to created shared libs
configure:11505: result: -fpic
configure:11529: checking whether we have PGPLOT
configure:11567: result: yes, /home/ricec2/nbody-rebuild/for-colin-and-julie/nemo_cvs/lib
configure:11608: checking for sqrt in -lm
configure:11638: gcc -o conftest -g -O2 -D_FILE_OFFSET_BITS=64 -D_LARGEFILE_SOURCE -D_LARGEFILE64_SOURCE   conftest.c -lm   >&5
conftest.c:44: warning: conflicting types for built-in function 'sqrt'
configure:11644: $? = 0
configure:11648: test -z 
			 || test ! -s conftest.err
configure:11651: $? = 0
configure:11654: test -s conftest
configure:11657: $? = 0
configure:11670: result: yes
configure:11684: checking whether we have HDF
configure:11714: result: no
configure:11716: WARNING: could not find HDF library
configure:11798: WARNING: CFITSIO disabled
configure:11806: checking almost whether we have LAM/MPI
configure:11808: result: not yet
configure:11812: checking whether we have PVM_ROOT and PVM_ARCH
configure:11823: result: no
configure:11829: checking whether we have MIRIAD
configure:11876: result: no
configure:11878: WARNING: could not find MIRIAD library...
configure:12201: WARNING: GSL disabled
configure:12237: WARNING: TCL disabled
configure:12266: checking for tputs in -lncurses
configure:12296: gcc -o conftest -g -O2 -D_FILE_OFFSET_BITS=64 -D_LARGEFILE_SOURCE -D_LARGEFILE64_SOURCE   conftest.c -lncurses   >&5
configure:12302: $? = 0
configure:12306: test -z 
			 || test ! -s conftest.err
configure:12309: $? = 0
configure:12312: test -s conftest
configure:12315: $? = 0
configure:12328: result: yes
configure:12356: checking readline/history.h usability
configure:12368: gcc -c -g -O2 -D_FILE_OFFSET_BITS=64 -D_LARGEFILE_SOURCE -D_LARGEFILE64_SOURCE  conftest.c >&5
configure:12374: $? = 0
configure:12378: test -z 
			 || test ! -s conftest.err
configure:12381: $? = 0
configure:12384: test -s conftest.o
configure:12387: $? = 0
configure:12397: result: yes
configure:12401: checking readline/history.h presence
configure:12411: gcc -E  conftest.c
configure:12417: $? = 0
configure:12437: result: yes
configure:12472: checking for readline/history.h
configure:12479: result: yes
configure:12484: checking for append_history in -lhistory
configure:12514: gcc -o conftest -g -O2 -D_FILE_OFFSET_BITS=64 -D_LARGEFILE_SOURCE -D_LARGEFILE64_SOURCE   conftest.c -lhistory   >&5
configure:12520: $? = 0
configure:12524: test -z 
			 || test ! -s conftest.err
configure:12527: $? = 0
configure:12530: test -s conftest
configure:12533: $? = 0
configure:12546: result: yes
configure:12570: checking readline/readline.h usability
configure:12582: gcc -c -g -O2 -D_FILE_OFFSET_BITS=64 -D_LARGEFILE_SOURCE -D_LARGEFILE64_SOURCE  conftest.c >&5
configure:12588: $? = 0
configure:12592: test -z 
			 || test ! -s conftest.err
configure:12595: $? = 0
configure:12598: test -s conftest.o
configure:12601: $? = 0
configure:12611: result: yes
configure:12615: checking readline/readline.h presence
configure:12625: gcc -E  conftest.c
configure:12631: $? = 0
configure:12651: result: yes
configure:12686: checking for readline/readline.h
configure:12693: result: yes
configure:12698: checking for readline in -lreadline
configure:12728: gcc -o conftest -g -O2 -D_FILE_OFFSET_BITS=64 -D_LARGEFILE_SOURCE -D_LARGEFILE64_SOURCE   conftest.c -lreadline -lncurses  >&5
configure:12734: $? = 0
configure:12738: test -z 
			 || test ! -s conftest.err
configure:12741: $? = 0
configure:12744: test -s conftest
configure:12747: $? = 0
configure:12760: result: yes
configure:12781: checking for DFSDndataset in -ldf
configure:12811: gcc -o conftest -g -O2 -D_FILE_OFFSET_BITS=64 -D_LARGEFILE_SOURCE -D_LARGEFILE64_SOURCE   conftest.c -ldf   >&5
/usr/bin/ld: cannot find -ldf
collect2: ld returned 1 exit status
configure:12817: $? = 1
configure: failed program was:
| /* confdefs.h.  */
| 
| #define PACKAGE_NAME ""
| #define PACKAGE_TARNAME ""
| #define PACKAGE_VERSION ""
| #define PACKAGE_STRING ""
| #define PACKAGE_BUGREPORT ""
| #define STDC_HEADERS 1
| #define HAVE_SYS_TYPES_H 1
| #define HAVE_SYS_STAT_H 1
| #define HAVE_STDLIB_H 1
| #define HAVE_STRING_H 1
| #define HAVE_MEMORY_H 1
| #define HAVE_STRINGS_H 1
| #define HAVE_INTTYPES_H 1
| #define HAVE_STDINT_H 1
| #define HAVE_UNISTD_H 1
| #define SIZEOF_FLOAT 4
| #define SIZEOF_DOUBLE 8
| #define SIZEOF_LONG_DOUBLE 16
| #define SIZEOF_CHAR 1
| #define SIZEOF_SHORT 2
| #define SIZEOF_INT 4
| #define SIZEOF_LONG 8
| #define SIZEOF_LONG_LONG 8
| #define STDC_HEADERS 1
| #define HAVE_STRCHR 1
| #define HAVE_MEMCPY 1
| #ifdef __cplusplus
| extern "C" void std::exit (int) throw (); using std::exit;
| #endif
| #define HAVE_OPENGL 1
| #define FORTRANIZE_LOWERCASE_UNDERSCORE 1
| #define UNFIO_HDR_SIZE 8
| #define HAVE_LIBPGPLOT 1
| #define HAVE_LIBHISTORY 1
| #define HAVE_LIBREADLINE 1
| /* end confdefs.h.  */
| 
| /* Override any gcc2 internal prototype to avoid an error.  */
| #ifdef __cplusplus
| extern "C"
| #endif
| /* We use char because int might match the return type of a gcc2
|    builtin and then its argument prototype would still apply.  */
| char DFSDndataset ();
| int
| main ()
| {
| DFSDndataset ();
|   ;
|   return 0;
| }
configure:12843: result: no
configure:12855: checking for foreground in -lvogl
configure:12885: gcc -o conftest -g -O2 -D_FILE_OFFSET_BITS=64 -D_LARGEFILE_SOURCE -D_LARGEFILE64_SOURCE   conftest.c -lvogl   >&5
/usr/bin/ld: cannot find -lvogl
collect2: ld returned 1 exit status
configure:12891: $? = 1
configure: failed program was:
| /* confdefs.h.  */
| 
| #define PACKAGE_NAME ""
| #define PACKAGE_TARNAME ""
| #define PACKAGE_VERSION ""
| #define PACKAGE_STRING ""
| #define PACKAGE_BUGREPORT ""
| #define STDC_HEADERS 1
| #define HAVE_SYS_TYPES_H 1
| #define HAVE_SYS_STAT_H 1
| #define HAVE_STDLIB_H 1
| #define HAVE_STRING_H 1
| #define HAVE_MEMORY_H 1
| #define HAVE_STRINGS_H 1
| #define HAVE_INTTYPES_H 1
| #define HAVE_STDINT_H 1
| #define HAVE_UNISTD_H 1
| #define SIZEOF_FLOAT 4
| #define SIZEOF_DOUBLE 8
| #define SIZEOF_LONG_DOUBLE 16
| #define SIZEOF_CHAR 1
| #define SIZEOF_SHORT 2
| #define SIZEOF_INT 4
| #define SIZEOF_LONG 8
| #define SIZEOF_LONG_LONG 8
| #define STDC_HEADERS 1
| #define HAVE_STRCHR 1
| #define HAVE_MEMCPY 1
| #ifdef __cplusplus
| extern "C" void std::exit (int) throw (); using std::exit;
| #endif
| #define HAVE_OPENGL 1
| #define FORTRANIZE_LOWERCASE_UNDERSCORE 1
| #define UNFIO_HDR_SIZE 8
| #define HAVE_LIBPGPLOT 1
| #define HAVE_LIBHISTORY 1
| #define HAVE_LIBREADLINE 1
| /* end confdefs.h.  */
| 
| /* Override any gcc2 internal prototype to avoid an error.  */
| #ifdef __cplusplus
| extern "C"
| #endif
| /* We use char because int might match the return type of a gcc2
|    builtin and then its argument prototype would still apply.  */
| char foreground ();
| int
| main ()
| {
| foreground ();
|   ;
|   return 0;
| }
configure:12917: result: no
configure:12929: checking for inflate in -lz
configure:12959: gcc -o conftest -g -O2 -D_FILE_OFFSET_BITS=64 -D_LARGEFILE_SOURCE -D_LARGEFILE64_SOURCE   conftest.c -lz   >&5
configure:12965: $? = 0
configure:12969: test -z 
			 || test ! -s conftest.err
configure:12972: $? = 0
configure:12975: test -s conftest
configure:12978: $? = 0
configure:12991: result: yes
configure:13003: checking for strtoll in -lc
configure:13033: gcc -o conftest -g -O2 -D_FILE_OFFSET_BITS=64 -D_LARGEFILE_SOURCE -D_LARGEFILE64_SOURCE   conftest.c -lc  -lz  >&5
configure:13039: $? = 0
configure:13043: test -z 
			 || test ! -s conftest.err
configure:13046: $? = 0
configure:13049: test -s conftest
configure:13052: $? = 0
configure:13065: result: yes
configure:13077: checking for strtoull in -lc
configure:13107: gcc -o conftest -g -O2 -D_FILE_OFFSET_BITS=64 -D_LARGEFILE_SOURCE -D_LARGEFILE64_SOURCE   conftest.c -lc  -lc -lz  >&5
configure:13113: $? = 0
configure:13117: test -z 
			 || test ! -s conftest.err
configure:13120: $? = 0
configure:13123: test -s conftest
configure:13126: $? = 0
configure:13139: result: yes
configure:13152: checking for dlopen in -ldl
configure:13182: gcc -o conftest -g -O2 -D_FILE_OFFSET_BITS=64 -D_LARGEFILE_SOURCE -D_LARGEFILE64_SOURCE   conftest.c -ldl  -lc -lc -lz  >&5
configure:13188: $? = 0
configure:13192: test -z 
			 || test ! -s conftest.err
configure:13195: $? = 0
configure:13198: test -s conftest
configure:13201: $? = 0
configure:13214: result: yes
configure:13226: checking for shl_load in -ldld
configure:13256: gcc -o conftest -g -O2 -D_FILE_OFFSET_BITS=64 -D_LARGEFILE_SOURCE -D_LARGEFILE64_SOURCE   conftest.c -ldld  -ldl -lc -lc -lz  >&5
/usr/bin/ld: cannot find -ldld
collect2: ld returned 1 exit status
configure:13262: $? = 1
configure: failed program was:
| /* confdefs.h.  */
| 
| #define PACKAGE_NAME ""
| #define PACKAGE_TARNAME ""
| #define PACKAGE_VERSION ""
| #define PACKAGE_STRING ""
| #define PACKAGE_BUGREPORT ""
| #define STDC_HEADERS 1
| #define HAVE_SYS_TYPES_H 1
| #define HAVE_SYS_STAT_H 1
| #define HAVE_STDLIB_H 1
| #define HAVE_STRING_H 1
| #define HAVE_MEMORY_H 1
| #define HAVE_STRINGS_H 1
| #define HAVE_INTTYPES_H 1
| #define HAVE_STDINT_H 1
| #define HAVE_UNISTD_H 1
| #define SIZEOF_FLOAT 4
| #define SIZEOF_DOUBLE 8
| #define SIZEOF_LONG_DOUBLE 16
| #define SIZEOF_CHAR 1
| #define SIZEOF_SHORT 2
| #define SIZEOF_INT 4
| #define SIZEOF_LONG 8
| #define SIZEOF_LONG_LONG 8
| #define STDC_HEADERS 1
| #define HAVE_STRCHR 1
| #define HAVE_MEMCPY 1
| #ifdef __cplusplus
| extern "C" void std::exit (int) throw (); using std::exit;
| #endif
| #define HAVE_OPENGL 1
| #define FORTRANIZE_LOWERCASE_UNDERSCORE 1
| #define UNFIO_HDR_SIZE 8
| #define HAVE_LIBPGPLOT 1
| #define HAVE_LIBHISTORY 1
| #define HAVE_LIBREADLINE 1
| #define HAVE_LIBZ 1
| #define HAVE_LIBC 1
| #define HAVE_LIBC 1
| #define HAVE_LIBDL 1
| /* end confdefs.h.  */
| 
| /* Override any gcc2 internal prototype to avoid an error.  */
| #ifdef __cplusplus
| extern "C"
| #endif
| /* We use char because int might match the return type of a gcc2
|    builtin and then its argument prototype would still apply.  */
| char shl_load ();
| int
| main ()
| {
| shl_load ();
|   ;
|   return 0;
| }
configure:13288: result: no
configure:13303: checking for library containing sin
configure:13333: gcc -o conftest -g -O2 -D_FILE_OFFSET_BITS=64 -D_LARGEFILE_SOURCE -D_LARGEFILE64_SOURCE   conftest.c -ldl -lc -lc -lz  >&5
conftest.c:50: warning: conflicting types for built-in function 'sin'
/tmp/ccu3oesM.o: In function `main':
/home/ricec2/nbody-rebuild/for-colin-and-julie/nemo_cvs/conftest.c:54: undefined reference to `sin'
collect2: ld returned 1 exit status
configure:13339: $? = 1
configure: failed program was:
| /* confdefs.h.  */
| 
| #define PACKAGE_NAME ""
| #define PACKAGE_TARNAME ""
| #define PACKAGE_VERSION ""
| #define PACKAGE_STRING ""
| #define PACKAGE_BUGREPORT ""
| #define STDC_HEADERS 1
| #define HAVE_SYS_TYPES_H 1
| #define HAVE_SYS_STAT_H 1
| #define HAVE_STDLIB_H 1
| #define HAVE_STRING_H 1
| #define HAVE_MEMORY_H 1
| #define HAVE_STRINGS_H 1
| #define HAVE_INTTYPES_H 1
| #define HAVE_STDINT_H 1
| #define HAVE_UNISTD_H 1
| #define SIZEOF_FLOAT 4
| #define SIZEOF_DOUBLE 8
| #define SIZEOF_LONG_DOUBLE 16
| #define SIZEOF_CHAR 1
| #define SIZEOF_SHORT 2
| #define SIZEOF_INT 4
| #define SIZEOF_LONG 8
| #define SIZEOF_LONG_LONG 8
| #define STDC_HEADERS 1
| #define HAVE_STRCHR 1
| #define HAVE_MEMCPY 1
| #ifdef __cplusplus
| extern "C" void std::exit (int) throw (); using std::exit;
| #endif
| #define HAVE_OPENGL 1
| #define FORTRANIZE_LOWERCASE_UNDERSCORE 1
| #define UNFIO_HDR_SIZE 8
| #define HAVE_LIBPGPLOT 1
| #define HAVE_LIBHISTORY 1
| #define HAVE_LIBREADLINE 1
| #define HAVE_LIBZ 1
| #define HAVE_LIBC 1
| #define HAVE_LIBC 1
| #define HAVE_LIBDL 1
| /* end confdefs.h.  */
| 
| /* Override any gcc2 internal prototype to avoid an error.  */
| #ifdef __cplusplus
| extern "C"
| #endif
| /* We use char because int might match the return type of a gcc2
|    builtin and then its argument prototype would still apply.  */
| char sin ();
| int
| main ()
| {
| sin ();
|   ;
|   return 0;
| }
configure:13388: gcc -o conftest -g -O2 -D_FILE_OFFSET_BITS=64 -D_LARGEFILE_SOURCE -D_LARGEFILE64_SOURCE   conftest.c -lm  -ldl -lc -lc -lz  >&5
conftest.c:50: warning: conflicting types for built-in function 'sin'
configure:13394: $? = 0
configure:13398: test -z 
			 || test ! -s conftest.err
configure:13401: $? = 0
configure:13404: test -s conftest
configure:13407: $? = 0
configure:13422: result: -lm
configure:13429: checking for library containing cblas_daxpy
configure:13459: gcc -o conftest -g -O2 -D_FILE_OFFSET_BITS=64 -D_LARGEFILE_SOURCE -D_LARGEFILE64_SOURCE   conftest.c -lm -ldl -lc -lc -lz  >&5
/tmp/ccE28mo0.o: In function `main':
/home/ricec2/nbody-rebuild/for-colin-and-julie/nemo_cvs/conftest.c:54: undefined reference to `cblas_daxpy'
collect2: ld returned 1 exit status
configure:13465: $? = 1
configure: failed program was:
| /* confdefs.h.  */
| 
| #define PACKAGE_NAME ""
| #define PACKAGE_TARNAME ""
| #define PACKAGE_VERSION ""
| #define PACKAGE_STRING ""
| #define PACKAGE_BUGREPORT ""
| #define STDC_HEADERS 1
| #define HAVE_SYS_TYPES_H 1
| #define HAVE_SYS_STAT_H 1
| #define HAVE_STDLIB_H 1
| #define HAVE_STRING_H 1
| #define HAVE_MEMORY_H 1
| #define HAVE_STRINGS_H 1
| #define HAVE_INTTYPES_H 1
| #define HAVE_STDINT_H 1
| #define HAVE_UNISTD_H 1
| #define SIZEOF_FLOAT 4
| #define SIZEOF_DOUBLE 8
| #define SIZEOF_LONG_DOUBLE 16
| #define SIZEOF_CHAR 1
| #define SIZEOF_SHORT 2
| #define SIZEOF_INT 4
| #define SIZEOF_LONG 8
| #define SIZEOF_LONG_LONG 8
| #define STDC_HEADERS 1
| #define HAVE_STRCHR 1
| #define HAVE_MEMCPY 1
| #ifdef __cplusplus
| extern "C" void std::exit (int) throw (); using std::exit;
| #endif
| #define HAVE_OPENGL 1
| #define FORTRANIZE_LOWERCASE_UNDERSCORE 1
| #define UNFIO_HDR_SIZE 8
| #define HAVE_LIBPGPLOT 1
| #define HAVE_LIBHISTORY 1
| #define HAVE_LIBREADLINE 1
| #define HAVE_LIBZ 1
| #define HAVE_LIBC 1
| #define HAVE_LIBC 1
| #define HAVE_LIBDL 1
| /* end confdefs.h.  */
| 
| /* Override any gcc2 internal prototype to avoid an error.  */
| #ifdef __cplusplus
| extern "C"
| #endif
| /* We use char because int might match the return type of a gcc2
|    builtin and then its argument prototype would still apply.  */
| char cblas_daxpy ();
| int
| main ()
| {
| cblas_daxpy ();
|   ;
|   return 0;
| }
configure:13514: gcc -o conftest -g -O2 -D_FILE_OFFSET_BITS=64 -D_LARGEFILE_SOURCE -D_LARGEFILE64_SOURCE   conftest.c -lgslcblas  -lm -ldl -lc -lc -lz  >&5
configure:13520: $? = 0
configure:13524: test -z 
			 || test ! -s conftest.err
configure:13527: $? = 0
configure:13530: test -s conftest
configure:13533: $? = 0
configure:13548: result: -lgslcblas
configure:13555: checking for library containing gsl_version
configure:13585: gcc -o conftest -g -O2 -D_FILE_OFFSET_BITS=64 -D_LARGEFILE_SOURCE -D_LARGEFILE64_SOURCE   conftest.c -lgslcblas -lm -ldl -lc -lc -lz  >&5
/tmp/cceL3GEe.o: In function `main':
/home/ricec2/nbody-rebuild/for-colin-and-julie/nemo_cvs/conftest.c:54: undefined reference to `gsl_version'
collect2: ld returned 1 exit status
configure:13591: $? = 1
configure: failed program was:
| /* confdefs.h.  */
| 
| #define PACKAGE_NAME ""
| #define PACKAGE_TARNAME ""
| #define PACKAGE_VERSION ""
| #define PACKAGE_STRING ""
| #define PACKAGE_BUGREPORT ""
| #define STDC_HEADERS 1
| #define HAVE_SYS_TYPES_H 1
| #define HAVE_SYS_STAT_H 1
| #define HAVE_STDLIB_H 1
| #define HAVE_STRING_H 1
| #define HAVE_MEMORY_H 1
| #define HAVE_STRINGS_H 1
| #define HAVE_INTTYPES_H 1
| #define HAVE_STDINT_H 1
| #define HAVE_UNISTD_H 1
| #define SIZEOF_FLOAT 4
| #define SIZEOF_DOUBLE 8
| #define SIZEOF_LONG_DOUBLE 16
| #define SIZEOF_CHAR 1
| #define SIZEOF_SHORT 2
| #define SIZEOF_INT 4
| #define SIZEOF_LONG 8
| #define SIZEOF_LONG_LONG 8
| #define STDC_HEADERS 1
| #define HAVE_STRCHR 1
| #define HAVE_MEMCPY 1
| #ifdef __cplusplus
| extern "C" void std::exit (int) throw (); using std::exit;
| #endif
| #define HAVE_OPENGL 1
| #define FORTRANIZE_LOWERCASE_UNDERSCORE 1
| #define UNFIO_HDR_SIZE 8
| #define HAVE_LIBPGPLOT 1
| #define HAVE_LIBHISTORY 1
| #define HAVE_LIBREADLINE 1
| #define HAVE_LIBZ 1
| #define HAVE_LIBC 1
| #define HAVE_LIBC 1
| #define HAVE_LIBDL 1
| /* end confdefs.h.  */
| 
| /* Override any gcc2 internal prototype to avoid an error.  */
| #ifdef __cplusplus
| extern "C"
| #endif
| /* We use char because int might match the return type of a gcc2
|    builtin and then its argument prototype would still apply.  */
| char gsl_version ();
| int
| main ()
| {
| gsl_version ();
|   ;
|   return 0;
| }
configure:13640: gcc -o conftest -g -O2 -D_FILE_OFFSET_BITS=64 -D_LARGEFILE_SOURCE -D_LARGEFILE64_SOURCE   conftest.c -lgsl  -lgslcblas -lm -ldl -lc -lc -lz  >&5
configure:13646: $? = 0
configure:13650: test -z 
			 || test ! -s conftest.err
configure:13653: $? = 0
configure:13656: test -s conftest
configure:13659: $? = 0
configure:13674: result: -lgsl
configure:13693: checking for dirent.h that defines DIR
configure:13717: gcc -c -g -O2 -D_FILE_OFFSET_BITS=64 -D_LARGEFILE_SOURCE -D_LARGEFILE64_SOURCE  conftest.c >&5
configure:13723: $? = 0
configure:13727: test -z 
			 || test ! -s conftest.err
configure:13730: $? = 0
configure:13733: test -s conftest.o
configure:13736: $? = 0
configure:13747: result: yes
configure:13760: checking for library containing opendir
configure:13790: gcc -o conftest -g -O2 -D_FILE_OFFSET_BITS=64 -D_LARGEFILE_SOURCE -D_LARGEFILE64_SOURCE   conftest.c -lgsl -lgslcblas -lm -ldl -lc -lc -lz  >&5
configure:13796: $? = 0
configure:13800: test -z 
			 || test ! -s conftest.err
configure:13803: $? = 0
configure:13806: test -s conftest
configure:13809: $? = 0
configure:13879: result: none required
configure:14015: checking for ANSI C header files
configure:14171: result: yes
configure:14181: checking for sys/wait.h that is POSIX.1 compatible
configure:14212: gcc -c -g -O2 -D_FILE_OFFSET_BITS=64 -D_LARGEFILE_SOURCE -D_LARGEFILE64_SOURCE  conftest.c >&5
configure:14218: $? = 0
configure:14222: test -z 
			 || test ! -s conftest.err
configure:14225: $? = 0
configure:14228: test -s conftest.o
configure:14231: $? = 0
configure:14242: result: yes
configure:14274: checking fcntl.h usability
configure:14286: gcc -c -g -O2 -D_FILE_OFFSET_BITS=64 -D_LARGEFILE_SOURCE -D_LARGEFILE64_SOURCE  conftest.c >&5
configure:14292: $? = 0
configure:14296: test -z 
			 || test ! -s conftest.err
configure:14299: $? = 0
configure:14302: test -s conftest.o
configure:14305: $? = 0
configure:14315: result: yes
configure:14319: checking fcntl.h presence
configure:14329: gcc -E  conftest.c
configure:14335: $? = 0
configure:14355: result: yes
configure:14390: checking for fcntl.h
configure:14397: result: yes
configure:14274: checking limits.h usability
configure:14286: gcc -c -g -O2 -D_FILE_OFFSET_BITS=64 -D_LARGEFILE_SOURCE -D_LARGEFILE64_SOURCE  conftest.c >&5
configure:14292: $? = 0
configure:14296: test -z 
			 || test ! -s conftest.err
configure:14299: $? = 0
configure:14302: test -s conftest.o
configure:14305: $? = 0
configure:14315: result: yes
configure:14319: checking limits.h presence
configure:14329: gcc -E  conftest.c
configure:14335: $? = 0
configure:14355: result: yes
configure:14390: checking for limits.h
configure:14397: result: yes
configure:14274: checking malloc.h usability
configure:14286: gcc -c -g -O2 -D_FILE_OFFSET_BITS=64 -D_LARGEFILE_SOURCE -D_LARGEFILE64_SOURCE  conftest.c >&5
configure:14292: $? = 0
configure:14296: test -z 
			 || test ! -s conftest.err
configure:14299: $? = 0
configure:14302: test -s conftest.o
configure:14305: $? = 0
configure:14315: result: yes
configure:14319: checking malloc.h presence
configure:14329: gcc -E  conftest.c
configure:14335: $? = 0
configure:14355: result: yes
configure:14390: checking for malloc.h
configure:14397: result: yes
configure:14274: checking sgtty.h usability
configure:14286: gcc -c -g -O2 -D_FILE_OFFSET_BITS=64 -D_LARGEFILE_SOURCE -D_LARGEFILE64_SOURCE  conftest.c >&5
configure:14292: $? = 0
configure:14296: test -z 
			 || test ! -s conftest.err
configure:14299: $? = 0
configure:14302: test -s conftest.o
configure:14305: $? = 0
configure:14315: result: yes
configure:14319: checking sgtty.h presence
configure:14329: gcc -E  conftest.c
configure:14335: $? = 0
configure:14355: result: yes
configure:14390: checking for sgtty.h
configure:14397: result: yes
configure:14265: checking for strings.h
configure:14270: result: yes
configure:14274: checking sys/file.h usability
configure:14286: gcc -c -g -O2 -D_FILE_OFFSET_BITS=64 -D_LARGEFILE_SOURCE -D_LARGEFILE64_SOURCE  conftest.c >&5
configure:14292: $? = 0
configure:14296: test -z 
			 || test ! -s conftest.err
configure:14299: $? = 0
configure:14302: test -s conftest.o
configure:14305: $? = 0
configure:14315: result: yes
configure:14319: checking sys/file.h presence
configure:14329: gcc -E  conftest.c
configure:14335: $? = 0
configure:14355: result: yes
configure:14390: checking for sys/file.h
configure:14397: result: yes
configure:14274: checking sys/ioctl.h usability
configure:14286: gcc -c -g -O2 -D_FILE_OFFSET_BITS=64 -D_LARGEFILE_SOURCE -D_LARGEFILE64_SOURCE  conftest.c >&5
configure:14292: $? = 0
configure:14296: test -z 
			 || test ! -s conftest.err
configure:14299: $? = 0
configure:14302: test -s conftest.o
configure:14305: $? = 0
configure:14315: result: yes
configure:14319: checking sys/ioctl.h presence
configure:14329: gcc -E  conftest.c
configure:14335: $? = 0
configure:14355: result: yes
configure:14390: checking for sys/ioctl.h
configure:14397: result: yes
configure:14274: checking sys/time.h usability
configure:14286: gcc -c -g -O2 -D_FILE_OFFSET_BITS=64 -D_LARGEFILE_SOURCE -D_LARGEFILE64_SOURCE  conftest.c >&5
configure:14292: $? = 0
configure:14296: test -z 
			 || test ! -s conftest.err
configure:14299: $? = 0
configure:14302: test -s conftest.o
configure:14305: $? = 0
configure:14315: result: yes
configure:14319: checking sys/time.h presence
configure:14329: gcc -E  conftest.c
configure:14335: $? = 0
configure:14355: result: yes
configure:14390: checking for sys/time.h
configure:14397: result: yes
configure:14265: checking for unistd.h
configure:14270: result: yes
configure:14411: checking for an ANSI C-conforming const
configure:14478: gcc -c -g -O2 -D_FILE_OFFSET_BITS=64 -D_LARGEFILE_SOURCE -D_LARGEFILE64_SOURCE  conftest.c >&5
configure:14484: $? = 0
configure:14488: test -z 
			 || test ! -s conftest.err
configure:14491: $? = 0
configure:14494: test -s conftest.o
configure:14497: $? = 0
configure:14508: result: yes
configure:14518: checking for inline
configure:14539: gcc -c -g -O2 -D_FILE_OFFSET_BITS=64 -D_LARGEFILE_SOURCE -D_LARGEFILE64_SOURCE  conftest.c >&5
configure:14545: $? = 0
configure:14549: test -z 
			 || test ! -s conftest.err
configure:14552: $? = 0
configure:14555: test -s conftest.o
configure:14558: $? = 0
configure:14570: result: inline
configure:14589: checking for off_t
configure:14613: gcc -c -g -O2 -D_FILE_OFFSET_BITS=64 -D_LARGEFILE_SOURCE -D_LARGEFILE64_SOURCE  conftest.c >&5
configure:14619: $? = 0
configure:14623: test -z 
			 || test ! -s conftest.err
configure:14626: $? = 0
configure:14629: test -s conftest.o
configure:14632: $? = 0
configure:14643: result: yes
configure:14655: checking for size_t
configure:14679: gcc -c -g -O2 -D_FILE_OFFSET_BITS=64 -D_LARGEFILE_SOURCE -D_LARGEFILE64_SOURCE  conftest.c >&5
configure:14685: $? = 0
configure:14689: test -z 
			 || test ! -s conftest.err
configure:14692: $? = 0
configure:14695: test -s conftest.o
configure:14698: $? = 0
configure:14709: result: yes
configure:14721: checking whether time.h and sys/time.h may both be included
configure:14746: gcc -c -g -O2 -D_FILE_OFFSET_BITS=64 -D_LARGEFILE_SOURCE -D_LARGEFILE64_SOURCE  conftest.c >&5
configure:14752: $? = 0
configure:14756: test -z 
			 || test ! -s conftest.err
configure:14759: $? = 0
configure:14762: test -s conftest.o
configure:14765: $? = 0
configure:14776: result: yes
configure:14786: checking whether struct tm is in sys/time.h or time.h
configure:14809: gcc -c -g -O2 -D_FILE_OFFSET_BITS=64 -D_LARGEFILE_SOURCE -D_LARGEFILE64_SOURCE  conftest.c >&5
configure:14815: $? = 0
configure:14819: test -z 
			 || test ! -s conftest.err
configure:14822: $? = 0
configure:14825: test -s conftest.o
configure:14828: $? = 0
configure:14839: result: time.h
configure:14850: checking for long file names
configure:14889: result: yes
configure:14906: checking for special C compiler options needed for large files
configure:15005: result: no
configure:15011: checking for _FILE_OFFSET_BITS value needed for large files
configure:15042: gcc -c -g -O2 -D_FILE_OFFSET_BITS=64 -D_LARGEFILE_SOURCE -D_LARGEFILE64_SOURCE  conftest.c >&5
configure:15048: $? = 0
configure:15052: test -z 
			 || test ! -s conftest.err
configure:15055: $? = 0
configure:15058: test -s conftest.o
configure:15061: $? = 0
configure:15126: result: no
configure:15136: checking for _LARGE_FILES value needed for large files
configure:15167: gcc -c -g -O2 -D_FILE_OFFSET_BITS=64 -D_LARGEFILE_SOURCE -D_LARGEFILE64_SOURCE  conftest.c >&5
configure:15173: $? = 0
configure:15177: test -z 
			 || test ! -s conftest.err
configure:15180: $? = 0
configure:15183: test -s conftest.o
configure:15186: $? = 0
configure:15251: result: no
configure:15264: checking for uid_t in sys/types.h
configure:15287: result: yes
configure:15302: checking type of array argument to getgroups
configure:15340: gcc -o conftest -g -O2 -D_FILE_OFFSET_BITS=64 -D_LARGEFILE_SOURCE -D_LARGEFILE64_SOURCE   conftest.c -lgsl -lgslcblas -lm -ldl -lc -lc -lz  >&5
conftest.c: In function 'main':
conftest.c:77: warning: incompatible implicit declaration of built-in function 'exit'
configure:15343: $? = 0
configure:15345: ./conftest
configure:15348: $? = 0
configure:15381: result: gid_t
configure:15390: checking whether gcc needs -traditional
configure:15432: result: no
configure:15439: checking for working memcmp
configure:15487: gcc -o conftest -g -O2 -D_FILE_OFFSET_BITS=64 -D_LARGEFILE_SOURCE -D_LARGEFILE64_SOURCE   conftest.c -lgsl -lgslcblas -lm -ldl -lc -lc -lz  >&5
configure:15490: $? = 0
configure:15492: ./conftest
configure:15495: $? = 0
configure:15509: result: yes
configure:15526: checking for stdlib.h
configure:15531: result: yes
configure:15526: checking for unistd.h
configure:15531: result: yes
configure:15675: checking for getpagesize
configure:15732: gcc -o conftest -g -O2 -D_FILE_OFFSET_BITS=64 -D_LARGEFILE_SOURCE -D_LARGEFILE64_SOURCE   conftest.c -lgsl -lgslcblas -lm -ldl -lc -lc -lz  >&5
configure:15738: $? = 0
configure:15742: test -z 
			 || test ! -s conftest.err
configure:15745: $? = 0
configure:15748: test -s conftest
configure:15751: $? = 0
configure:15763: result: yes
configure:15773: checking for working mmap
configure:15915: gcc -o conftest -g -O2 -D_FILE_OFFSET_BITS=64 -D_LARGEFILE_SOURCE -D_LARGEFILE64_SOURCE   conftest.c -lgsl -lgslcblas -lm -ldl -lc -lc -lz  >&5
configure:15918: $? = 0
configure:15920: ./conftest
configure:15923: $? = 0
configure:15937: result: yes
configure:15948: checking return type of signal handlers
configure:15979: gcc -c -g -O2 -D_FILE_OFFSET_BITS=64 -D_LARGEFILE_SOURCE -D_LARGEFILE64_SOURCE  conftest.c >&5
configure:15985: $? = 0
configure:15989: test -z 
			 || test ! -s conftest.err
configure:15992: $? = 0
configure:15995: test -s conftest.o
configure:15998: $? = 0
configure:16009: result: void
configure:16017: checking for pid_t
configure:16041: gcc -c -g -O2 -D_FILE_OFFSET_BITS=64 -D_LARGEFILE_SOURCE -D_LARGEFILE64_SOURCE  conftest.c >&5
configure:16047: $? = 0
configure:16051: test -z 
			 || test ! -s conftest.err
configure:16054: $? = 0
configure:16057: test -s conftest.o
configure:16060: $? = 0
configure:16071: result: yes
configure:16089: checking for unistd.h
configure:16094: result: yes
configure:16098: checking vfork.h usability
configure:16110: gcc -c -g -O2 -D_FILE_OFFSET_BITS=64 -D_LARGEFILE_SOURCE -D_LARGEFILE64_SOURCE  conftest.c >&5
conftest.c:98:19: error: vfork.h: No such file or directory
configure:16116: $? = 1
configure: failed program was:
| /* confdefs.h.  */
| 
| #define PACKAGE_NAME ""
| #define PACKAGE_TARNAME ""
| #define PACKAGE_VERSION ""
| #define PACKAGE_STRING ""
| #define PACKAGE_BUGREPORT ""
| #define STDC_HEADERS 1
| #define HAVE_SYS_TYPES_H 1
| #define HAVE_SYS_STAT_H 1
| #define HAVE_STDLIB_H 1
| #define HAVE_STRING_H 1
| #define HAVE_MEMORY_H 1
| #define HAVE_STRINGS_H 1
| #define HAVE_INTTYPES_H 1
| #define HAVE_STDINT_H 1
| #define HAVE_UNISTD_H 1
| #define SIZEOF_FLOAT 4
| #define SIZEOF_DOUBLE 8
| #define SIZEOF_LONG_DOUBLE 16
| #define SIZEOF_CHAR 1
| #define SIZEOF_SHORT 2
| #define SIZEOF_INT 4
| #define SIZEOF_LONG 8
| #define SIZEOF_LONG_LONG 8
| #define STDC_HEADERS 1
| #define HAVE_STRCHR 1
| #define HAVE_MEMCPY 1
| #ifdef __cplusplus
| extern "C" void std::exit (int) throw (); using std::exit;
| #endif
| #define HAVE_OPENGL 1
| #define FORTRANIZE_LOWERCASE_UNDERSCORE 1
| #define UNFIO_HDR_SIZE 8
| #define HAVE_LIBPGPLOT 1
| #define HAVE_LIBHISTORY 1
| #define HAVE_LIBREADLINE 1
| #define HAVE_LIBZ 1
| #define HAVE_LIBC 1
| #define HAVE_LIBC 1
| #define HAVE_LIBDL 1
| #define HAVE_DIRENT_H 1
| #define STDC_HEADERS 1
| #define HAVE_SYS_WAIT_H 1
| #define HAVE_FCNTL_H 1
| #define HAVE_LIMITS_H 1
| #define HAVE_MALLOC_H 1
| #define HAVE_SGTTY_H 1
| #define HAVE_STRINGS_H 1
| #define HAVE_SYS_FILE_H 1
| #define HAVE_SYS_IOCTL_H 1
| #define HAVE_SYS_TIME_H 1
| #define HAVE_UNISTD_H 1
| #define TIME_WITH_SYS_TIME 1
| #define HAVE_LONG_FILE_NAMES 1
| #define GETGROUPS_T gid_t
| #define HAVE_STDLIB_H 1
| #define HAVE_UNISTD_H 1
| #define HAVE_GETPAGESIZE 1
| #define HAVE_MMAP 1
| #define RETSIGTYPE void
| #define HAVE_UNISTD_H 1
| /* end confdefs.h.  */
| #include <stdio.h>
| #if HAVE_SYS_TYPES_H
| # include <sys/types.h>
| #endif
| #if HAVE_SYS_STAT_H
| # include <sys/stat.h>
| #endif
| #if STDC_HEADERS
| # include <stdlib.h>
| # include <stddef.h>
| #else
| # if HAVE_STDLIB_H
| #  include <stdlib.h>
| # endif
| #endif
| #if HAVE_STRING_H
| # if !STDC_HEADERS && HAVE_MEMORY_H
| #  include <memory.h>
| # endif
| # include <string.h>
| #endif
| #if HAVE_STRINGS_H
| # include <strings.h>
| #endif
| #if HAVE_INTTYPES_H
| # include <inttypes.h>
| #else
| # if HAVE_STDINT_H
| #  include <stdint.h>
| # endif
| #endif
| #if HAVE_UNISTD_H
| # include <unistd.h>
| #endif
| #include <vfork.h>
configure:16139: result: no
configure:16143: checking vfork.h presence
configure:16153: gcc -E  conftest.c
conftest.c:64:19: error: vfork.h: No such file or directory
configure:16159: $? = 1
configure: failed program was:
| /* confdefs.h.  */
| 
| #define PACKAGE_NAME ""
| #define PACKAGE_TARNAME ""
| #define PACKAGE_VERSION ""
| #define PACKAGE_STRING ""
| #define PACKAGE_BUGREPORT ""
| #define STDC_HEADERS 1
| #define HAVE_SYS_TYPES_H 1
| #define HAVE_SYS_STAT_H 1
| #define HAVE_STDLIB_H 1
| #define HAVE_STRING_H 1
| #define HAVE_MEMORY_H 1
| #define HAVE_STRINGS_H 1
| #define HAVE_INTTYPES_H 1
| #define HAVE_STDINT_H 1
| #define HAVE_UNISTD_H 1
| #define SIZEOF_FLOAT 4
| #define SIZEOF_DOUBLE 8
| #define SIZEOF_LONG_DOUBLE 16
| #define SIZEOF_CHAR 1
| #define SIZEOF_SHORT 2
| #define SIZEOF_INT 4
| #define SIZEOF_LONG 8
| #define SIZEOF_LONG_LONG 8
| #define STDC_HEADERS 1
| #define HAVE_STRCHR 1
| #define HAVE_MEMCPY 1
| #ifdef __cplusplus
| extern "C" void std::exit (int) throw (); using std::exit;
| #endif
| #define HAVE_OPENGL 1
| #define FORTRANIZE_LOWERCASE_UNDERSCORE 1
| #define UNFIO_HDR_SIZE 8
| #define HAVE_LIBPGPLOT 1
| #define HAVE_LIBHISTORY 1
| #define HAVE_LIBREADLINE 1
| #define HAVE_LIBZ 1
| #define HAVE_LIBC 1
| #define HAVE_LIBC 1
| #define HAVE_LIBDL 1
| #define HAVE_DIRENT_H 1
| #define STDC_HEADERS 1
| #define HAVE_SYS_WAIT_H 1
| #define HAVE_FCNTL_H 1
| #define HAVE_LIMITS_H 1
| #define HAVE_MALLOC_H 1
| #define HAVE_SGTTY_H 1
| #define HAVE_STRINGS_H 1
| #define HAVE_SYS_FILE_H 1
| #define HAVE_SYS_IOCTL_H 1
| #define HAVE_SYS_TIME_H 1
| #define HAVE_UNISTD_H 1
| #define TIME_WITH_SYS_TIME 1
| #define HAVE_LONG_FILE_NAMES 1
| #define GETGROUPS_T gid_t
| #define HAVE_STDLIB_H 1
| #define HAVE_UNISTD_H 1
| #define HAVE_GETPAGESIZE 1
| #define HAVE_MMAP 1
| #define RETSIGTYPE void
| #define HAVE_UNISTD_H 1
| /* end confdefs.h.  */
| #include <vfork.h>
configure:16179: result: no
configure:16214: checking for vfork.h
configure:16221: result: no
configure:16239: checking for fork
configure:16296: gcc -o conftest -g -O2 -D_FILE_OFFSET_BITS=64 -D_LARGEFILE_SOURCE -D_LARGEFILE64_SOURCE   conftest.c -lgsl -lgslcblas -lm -ldl -lc -lc -lz  >&5
conftest.c:88: warning: conflicting types for built-in function 'fork'
configure:16302: $? = 0
configure:16306: test -z 
			 || test ! -s conftest.err
configure:16309: $? = 0
configure:16312: test -s conftest
configure:16315: $? = 0
configure:16327: result: yes
configure:16239: checking for vfork
configure:16296: gcc -o conftest -g -O2 -D_FILE_OFFSET_BITS=64 -D_LARGEFILE_SOURCE -D_LARGEFILE64_SOURCE   conftest.c -lgsl -lgslcblas -lm -ldl -lc -lc -lz  >&5
configure:16302: $? = 0
configure:16306: test -z 
			 || test ! -s conftest.err
configure:16309: $? = 0
configure:16312: test -s conftest
configure:16315: $? = 0
configure:16327: result: yes
configure:16338: checking for working fork
configure:16361: gcc -o conftest -g -O2 -D_FILE_OFFSET_BITS=64 -D_LARGEFILE_SOURCE -D_LARGEFILE64_SOURCE   conftest.c -lgsl -lgslcblas -lm -ldl -lc -lc -lz  >&5
conftest.c: In function 'main':
conftest.c:10: warning: incompatible implicit declaration of built-in function 'exit'
configure:16364: $? = 0
configure:16366: ./conftest
configure:16369: $? = 0
configure:16383: result: yes
configure:16404: checking for working vfork
configure:16537: result: yes
configure:16572: checking for vprintf
configure:16629: gcc -o conftest -g -O2 -D_FILE_OFFSET_BITS=64 -D_LARGEFILE_SOURCE -D_LARGEFILE64_SOURCE   conftest.c -lgsl -lgslcblas -lm -ldl -lc -lc -lz  >&5
conftest.c:92: warning: conflicting types for built-in function 'vprintf'
configure:16635: $? = 0
configure:16639: test -z 
			 || test ! -s conftest.err
configure:16642: $? = 0
configure:16645: test -s conftest
configure:16648: $? = 0
configure:16660: result: yes
configure:16667: checking for _doprnt
configure:16724: gcc -o conftest -g -O2 -D_FILE_OFFSET_BITS=64 -D_LARGEFILE_SOURCE -D_LARGEFILE64_SOURCE   conftest.c -lgsl -lgslcblas -lm -ldl -lc -lc -lz  >&5
/tmp/ccoFMhST.o: In function `main':
/home/ricec2/nbody-rebuild/for-colin-and-julie/nemo_cvs/conftest.c:108: undefined reference to `_doprnt'
/tmp/ccoFMhST.o:(.data+0x0): undefined reference to `_doprnt'
collect2: ld returned 1 exit status
configure:16730: $? = 1
configure: failed program was:
| /* confdefs.h.  */
| 
| #define PACKAGE_NAME ""
| #define PACKAGE_TARNAME ""
| #define PACKAGE_VERSION ""
| #define PACKAGE_STRING ""
| #define PACKAGE_BUGREPORT ""
| #define STDC_HEADERS 1
| #define HAVE_SYS_TYPES_H 1
| #define HAVE_SYS_STAT_H 1
| #define HAVE_STDLIB_H 1
| #define HAVE_STRING_H 1
| #define HAVE_MEMORY_H 1
| #define HAVE_STRINGS_H 1
| #define HAVE_INTTYPES_H 1
| #define HAVE_STDINT_H 1
| #define HAVE_UNISTD_H 1
| #define SIZEOF_FLOAT 4
| #define SIZEOF_DOUBLE 8
| #define SIZEOF_LONG_DOUBLE 16
| #define SIZEOF_CHAR 1
| #define SIZEOF_SHORT 2
| #define SIZEOF_INT 4
| #define SIZEOF_LONG 8
| #define SIZEOF_LONG_LONG 8
| #define STDC_HEADERS 1
| #define HAVE_STRCHR 1
| #define HAVE_MEMCPY 1
| #ifdef __cplusplus
| extern "C" void std::exit (int) throw (); using std::exit;
| #endif
| #define HAVE_OPENGL 1
| #define FORTRANIZE_LOWERCASE_UNDERSCORE 1
| #define UNFIO_HDR_SIZE 8
| #define HAVE_LIBPGPLOT 1
| #define HAVE_LIBHISTORY 1
| #define HAVE_LIBREADLINE 1
| #define HAVE_LIBZ 1
| #define HAVE_LIBC 1
| #define HAVE_LIBC 1
| #define HAVE_LIBDL 1
| #define HAVE_DIRENT_H 1
| #define STDC_HEADERS 1
| #define HAVE_SYS_WAIT_H 1
| #define HAVE_FCNTL_H 1
| #define HAVE_LIMITS_H 1
| #define HAVE_MALLOC_H 1
| #define HAVE_SGTTY_H 1
| #define HAVE_STRINGS_H 1
| #define HAVE_SYS_FILE_H 1
| #define HAVE_SYS_IOCTL_H 1
| #define HAVE_SYS_TIME_H 1
| #define HAVE_UNISTD_H 1
| #define TIME_WITH_SYS_TIME 1
| #define HAVE_LONG_FILE_NAMES 1
| #define GETGROUPS_T gid_t
| #define HAVE_STDLIB_H 1
| #define HAVE_UNISTD_H 1
| #define HAVE_GETPAGESIZE 1
| #define HAVE_MMAP 1
| #define RETSIGTYPE void
| #define HAVE_UNISTD_H 1
| #define HAVE_FORK 1
| #define HAVE_VFORK 1
| #define HAVE_WORKING_VFORK 1
| #define HAVE_WORKING_FORK 1
| #define HAVE_VPRINTF 1
| /* end confdefs.h.  */
| /* Define _doprnt to an innocuous variant, in case <limits.h> declares _doprnt.
|    For example, HP-UX 11i <limits.h> declares gettimeofday.  */
| #define _doprnt innocuous__doprnt
| 
| /* System header to define __stub macros and hopefully few prototypes,
|     which can conflict with char _doprnt (); below.
|     Prefer <limits.h> to <assert.h> if __STDC__ is defined, since
|     <limits.h> exists even on freestanding compilers.  */
| 
| #ifdef __STDC__
| # include <limits.h>
| #else
| # include <assert.h>
| #endif
| 
| #undef _doprnt
| 
| /* Override any gcc2 internal prototype to avoid an error.  */
| #ifdef __cplusplus
| extern "C"
| {
| #endif
| /* We use char because int might match the return type of a gcc2
|    builtin and then its argument prototype would still apply.  */
| char _doprnt ();
| /* The GNU C library defines this for functions which it implements
|     to always fail with ENOSYS.  Some functions are actually named
|     something starting with __ and the normal name is an alias.  */
| #if defined (__stub__doprnt) || defined (__stub____doprnt)
| choke me
| #else
| char (*f) () = _doprnt;
| #endif
| #ifdef __cplusplus
| }
| #endif
| 
| int
| main ()
| {
| return f != _doprnt;
|   ;
|   return 0;
| }
configure:16755: result: no
configure:16784: checking for ftime
configure:16841: gcc -o conftest -g -O2 -D_FILE_OFFSET_BITS=64 -D_LARGEFILE_SOURCE -D_LARGEFILE64_SOURCE   conftest.c -lgsl -lgslcblas -lm -ldl -lc -lc -lz  >&5
configure:16847: $? = 0
configure:16851: test -z 
			 || test ! -s conftest.err
configure:16854: $? = 0
configure:16857: test -s conftest
configure:16860: $? = 0
configure:16872: result: yes
configure:16784: checking for gethostname
configure:16841: gcc -o conftest -g -O2 -D_FILE_OFFSET_BITS=64 -D_LARGEFILE_SOURCE -D_LARGEFILE64_SOURCE   conftest.c -lgsl -lgslcblas -lm -ldl -lc -lc -lz  >&5
configure:16847: $? = 0
configure:16851: test -z 
			 || test ! -s conftest.err
configure:16854: $? = 0
configure:16857: test -s conftest
configure:16860: $? = 0
configure:16872: result: yes
configure:16784: checking for gettimeofday
configure:16841: gcc -o conftest -g -O2 -D_FILE_OFFSET_BITS=64 -D_LARGEFILE_SOURCE -D_LARGEFILE64_SOURCE   conftest.c -lgsl -lgslcblas -lm -ldl -lc -lc -lz  >&5
configure:16847: $? = 0
configure:16851: test -z 
			 || test ! -s conftest.err
configure:16854: $? = 0
configure:16857: test -s conftest
configure:16860: $? = 0
configure:16872: result: yes
configure:16784: checking for getwd
configure:16841: gcc -o conftest -g -O2 -D_FILE_OFFSET_BITS=64 -D_LARGEFILE_SOURCE -D_LARGEFILE64_SOURCE   conftest.c -lgsl -lgslcblas -lm -ldl -lc -lc -lz  >&5
/tmp/cc8wvQDb.o: In function `main':
/home/ricec2/nbody-rebuild/for-colin-and-julie/nemo_cvs/conftest.c:111: warning: the `getwd' function is dangerous and should not be used.
configure:16847: $? = 0
configure:16851: test -z 
			 || test ! -s conftest.err
configure:16854: $? = 0
configure:16857: test -s conftest
configure:16860: $? = 0
configure:16872: result: yes
configure:16784: checking for mkdir
configure:16841: gcc -o conftest -g -O2 -D_FILE_OFFSET_BITS=64 -D_LARGEFILE_SOURCE -D_LARGEFILE64_SOURCE   conftest.c -lgsl -lgslcblas -lm -ldl -lc -lc -lz  >&5
configure:16847: $? = 0
configure:16851: test -z 
			 || test ! -s conftest.err
configure:16854: $? = 0
configure:16857: test -s conftest
configure:16860: $? = 0
configure:16872: result: yes
configure:16784: checking for select
configure:16841: gcc -o conftest -g -O2 -D_FILE_OFFSET_BITS=64 -D_LARGEFILE_SOURCE -D_LARGEFILE64_SOURCE   conftest.c -lgsl -lgslcblas -lm -ldl -lc -lc -lz  >&5
configure:16847: $? = 0
configure:16851: test -z 
			 || test ! -s conftest.err
configure:16854: $? = 0
configure:16857: test -s conftest
configure:16860: $? = 0
configure:16872: result: yes
configure:16784: checking for strdup
configure:16841: gcc -o conftest -g -O2 -D_FILE_OFFSET_BITS=64 -D_LARGEFILE_SOURCE -D_LARGEFILE64_SOURCE   conftest.c -lgsl -lgslcblas -lm -ldl -lc -lc -lz  >&5
conftest.c:99: warning: conflicting types for built-in function 'strdup'
configure:16847: $? = 0
configure:16851: test -z 
			 || test ! -s conftest.err
configure:16854: $? = 0
configure:16857: test -s conftest
configure:16860: $? = 0
configure:16872: result: yes
configure:16784: checking for strtod
configure:16841: gcc -o conftest -g -O2 -D_FILE_OFFSET_BITS=64 -D_LARGEFILE_SOURCE -D_LARGEFILE64_SOURCE   conftest.c -lgsl -lgslcblas -lm -ldl -lc -lc -lz  >&5
configure:16847: $? = 0
configure:16851: test -z 
			 || test ! -s conftest.err
configure:16854: $? = 0
configure:16857: test -s conftest
configure:16860: $? = 0
configure:16872: result: yes
configure:16784: checking for strtol
configure:16841: gcc -o conftest -g -O2 -D_FILE_OFFSET_BITS=64 -D_LARGEFILE_SOURCE -D_LARGEFILE64_SOURCE   conftest.c -lgsl -lgslcblas -lm -ldl -lc -lc -lz  >&5
configure:16847: $? = 0
configure:16851: test -z 
			 || test ! -s conftest.err
configure:16854: $? = 0
configure:16857: test -s conftest
configure:16860: $? = 0
configure:16872: result: yes
configure:16784: checking for strtoul
configure:16841: gcc -o conftest -g -O2 -D_FILE_OFFSET_BITS=64 -D_LARGEFILE_SOURCE -D_LARGEFILE64_SOURCE   conftest.c -lgsl -lgslcblas -lm -ldl -lc -lc -lz  >&5
configure:16847: $? = 0
configure:16851: test -z 
			 || test ! -s conftest.err
configure:16854: $? = 0
configure:16857: test -s conftest
configure:16860: $? = 0
configure:16872: result: yes
configure:16784: checking for dprintf
configure:16841: gcc -o conftest -g -O2 -D_FILE_OFFSET_BITS=64 -D_LARGEFILE_SOURCE -D_LARGEFILE64_SOURCE   conftest.c -lgsl -lgslcblas -lm -ldl -lc -lc -lz  >&5
configure:16847: $? = 0
configure:16851: test -z 
			 || test ! -s conftest.err
configure:16854: $? = 0
configure:16857: test -s conftest
configure:16860: $? = 0
configure:16872: result: yes
configure:16784: checking for log2
configure:16841: gcc -o conftest -g -O2 -D_FILE_OFFSET_BITS=64 -D_LARGEFILE_SOURCE -D_LARGEFILE64_SOURCE   conftest.c -lgsl -lgslcblas -lm -ldl -lc -lc -lz  >&5
conftest.c:104: warning: conflicting types for built-in function 'log2'
configure:16847: $? = 0
configure:16851: test -z 
			 || test ! -s conftest.err
configure:16854: $? = 0
configure:16857: test -s conftest
configure:16860: $? = 0
configure:16872: result: yes
configure:16883: checking whether byte ordering is bigendian
configure:16910: gcc -c -g -O2 -D_FILE_OFFSET_BITS=64 -D_LARGEFILE_SOURCE -D_LARGEFILE64_SOURCE  conftest.c >&5
configure:16916: $? = 0
configure:16920: test -z 
			 || test ! -s conftest.err
configure:16923: $? = 0
configure:16926: test -s conftest.o
configure:16929: $? = 0
configure:16953: gcc -c -g -O2 -D_FILE_OFFSET_BITS=64 -D_LARGEFILE_SOURCE -D_LARGEFILE64_SOURCE  conftest.c >&5
conftest.c: In function 'main':
conftest.c:88: error: 'not' undeclared (first use in this function)
conftest.c:88: error: (Each undeclared identifier is reported only once
conftest.c:88: error: for each function it appears in.)
conftest.c:88: error: expected ';' before 'big'
configure:16959: $? = 1
configure: failed program was:
| /* confdefs.h.  */
| 
| #define PACKAGE_NAME ""
| #define PACKAGE_TARNAME ""
| #define PACKAGE_VERSION ""
| #define PACKAGE_STRING ""
| #define PACKAGE_BUGREPORT ""
| #define STDC_HEADERS 1
| #define HAVE_SYS_TYPES_H 1
| #define HAVE_SYS_STAT_H 1
| #define HAVE_STDLIB_H 1
| #define HAVE_STRING_H 1
| #define HAVE_MEMORY_H 1
| #define HAVE_STRINGS_H 1
| #define HAVE_INTTYPES_H 1
| #define HAVE_STDINT_H 1
| #define HAVE_UNISTD_H 1
| #define SIZEOF_FLOAT 4
| #define SIZEOF_DOUBLE 8
| #define SIZEOF_LONG_DOUBLE 16
| #define SIZEOF_CHAR 1
| #define SIZEOF_SHORT 2
| #define SIZEOF_INT 4
| #define SIZEOF_LONG 8
| #define SIZEOF_LONG_LONG 8
| #define STDC_HEADERS 1
| #define HAVE_STRCHR 1
| #define HAVE_MEMCPY 1
| #ifdef __cplusplus
| extern "C" void std::exit (int) throw (); using std::exit;
| #endif
| #define HAVE_OPENGL 1
| #define FORTRANIZE_LOWERCASE_UNDERSCORE 1
| #define UNFIO_HDR_SIZE 8
| #define HAVE_LIBPGPLOT 1
| #define HAVE_LIBHISTORY 1
| #define HAVE_LIBREADLINE 1
| #define HAVE_LIBZ 1
| #define HAVE_LIBC 1
| #define HAVE_LIBC 1
| #define HAVE_LIBDL 1
| #define HAVE_DIRENT_H 1
| #define STDC_HEADERS 1
| #define HAVE_SYS_WAIT_H 1
| #define HAVE_FCNTL_H 1
| #define HAVE_LIMITS_H 1
| #define HAVE_MALLOC_H 1
| #define HAVE_SGTTY_H 1
| #define HAVE_STRINGS_H 1
| #define HAVE_SYS_FILE_H 1
| #define HAVE_SYS_IOCTL_H 1
| #define HAVE_SYS_TIME_H 1
| #define HAVE_UNISTD_H 1
| #define TIME_WITH_SYS_TIME 1
| #define HAVE_LONG_FILE_NAMES 1
| #define GETGROUPS_T gid_t
| #define HAVE_STDLIB_H 1
| #define HAVE_UNISTD_H 1
| #define HAVE_GETPAGESIZE 1
| #define HAVE_MMAP 1
| #define RETSIGTYPE void
| #define HAVE_UNISTD_H 1
| #define HAVE_FORK 1
| #define HAVE_VFORK 1
| #define HAVE_WORKING_VFORK 1
| #define HAVE_WORKING_FORK 1
| #define HAVE_VPRINTF 1
| #define HAVE_FTIME 1
| #define HAVE_GETHOSTNAME 1
| #define HAVE_GETTIMEOFDAY 1
| #define HAVE_GETWD 1
| #define HAVE_MKDIR 1
| #define HAVE_SELECT 1
| #define HAVE_STRDUP 1
| #define HAVE_STRTOD 1
| #define HAVE_STRTOL 1
| #define HAVE_STRTOUL 1
| #define HAVE_DPRINTF 1
| #define HAVE_LOG2 1
| /* end confdefs.h.  */
| #include <sys/types.h>
| #include <sys/param.h>
| 
| int
| main ()
| {
| #if BYTE_ORDER != BIG_ENDIAN
|  not big endian
| #endif
| 
|   ;
|   return 0;
| }
configure:17094: result: no
configure:17126: checking looking for a reasonable YAPP
configure:17143: WARNING: using
configure:17149: result: pgplot
configure:17258: creating ./config.status

## ---------------------- ##
## Running config.status. ##
## ---------------------- ##

This file was extended by config.status, which was
generated by GNU Autoconf 2.59.  Invocation command line was

  CONFIG_FILES    = 
  CONFIG_HEADERS  = 
  CONFIG_LINKS    = 
  CONFIG_COMMANDS = 
  $ ./config.status 

on fornax.phys.rpi.edu

config.status:713: creating NEMORC.gen
config.status:713: creating Makefile
config.status:713: creating makedefs
config.status:713: creating nemo_start
config.status:713: creating nemo.pl
config.status:817: creating config.h

## ---------------- ##
## Cache variables. ##
## ---------------- ##

ac_cv_build=x86_64-unknown-linux-gnu
ac_cv_build_alias=x86_64-unknown-linux-gnu
ac_cv_c_bigendian=no
ac_cv_c_compiler_gnu=yes
ac_cv_c_const=yes
ac_cv_c_inline=inline
ac_cv_cxx_compiler_gnu=yes
ac_cv_env_CC_set=
ac_cv_env_CC_value=
ac_cv_env_CFLAGS_set=
ac_cv_env_CFLAGS_value=
ac_cv_env_CPPFLAGS_set=
ac_cv_env_CPPFLAGS_value=
ac_cv_env_CPP_set=
ac_cv_env_CPP_value=
ac_cv_env_CXXFLAGS_set=
ac_cv_env_CXXFLAGS_value=
ac_cv_env_CXX_set=
ac_cv_env_CXX_value=
ac_cv_env_F77_set=
ac_cv_env_F77_value=
ac_cv_env_FFLAGS_set=
ac_cv_env_FFLAGS_value=
ac_cv_env_LDFLAGS_set=
ac_cv_env_LDFLAGS_value=
ac_cv_env_build_alias_set=
ac_cv_env_build_alias_value=
ac_cv_env_host_alias_set=
ac_cv_env_host_alias_value=
ac_cv_env_target_alias_set=
ac_cv_env_target_alias_value=
ac_cv_exeext=
ac_cv_f77_compiler_gnu=yes
ac_cv_f77_libs=' -L/usr/lib/gcc/x86_64-redhat-linux/4.1.2 -L/usr/lib/gcc/x86_64-redhat-linux/4.1.2/../../../../lib64 -L/lib/../lib64 -L/usr/lib/../lib64 -lgfortranbegin -lgfortran -lm -lgcc_s'
ac_cv_func_XMesaGetBackBuffer=no
ac_cv_func__doprnt=no
ac_cv_func_connect=yes
ac_cv_func_dprintf=yes
ac_cv_func_fork=yes
ac_cv_func_fork_works=yes
ac_cv_func_ftime=yes
ac_cv_func_gethostbyname=yes
ac_cv_func_gethostname=yes
ac_cv_func_getpagesize=yes
ac_cv_func_gettimeofday=yes
ac_cv_func_getwd=yes
ac_cv_func_log2=yes
ac_cv_func_memcmp_working=yes
ac_cv_func_memcpy=yes
ac_cv_func_mkdir=yes
ac_cv_func_mmap_fixed_mapped=yes
ac_cv_func_remove=yes
ac_cv_func_select=yes
ac_cv_func_shmat=yes
ac_cv_func_strchr=yes
ac_cv_func_strdup=yes
ac_cv_func_strtod=yes
ac_cv_func_strtol=yes
ac_cv_func_strtoul=yes
ac_cv_func_vfork=yes
ac_cv_func_vfork_works=yes
ac_cv_func_vprintf=yes
ac_cv_have_x='have_x=yes 		ac_x_includes= ac_x_libraries=/usr/lib64'
ac_cv_header_dirent_dirent_h=yes
ac_cv_header_fcntl_h=yes
ac_cv_header_inttypes_h=yes
ac_cv_header_limits_h=yes
ac_cv_header_malloc_h=yes
ac_cv_header_memory_h=yes
ac_cv_header_readline_history_h=yes
ac_cv_header_readline_readline_h=yes
ac_cv_header_sgtty_h=yes
ac_cv_header_stdc=yes
ac_cv_header_stdint_h=yes
ac_cv_header_stdlib_h=yes
ac_cv_header_string_h=yes
ac_cv_header_strings_h=yes
ac_cv_header_sys_file_h=yes
ac_cv_header_sys_ioctl_h=yes
ac_cv_header_sys_stat_h=yes
ac_cv_header_sys_time_h=yes
ac_cv_header_sys_types_h=yes
ac_cv_header_sys_wait_h=yes
ac_cv_header_time=yes
ac_cv_header_unistd_h=yes
ac_cv_header_vfork_h=no
ac_cv_host=x86_64-unknown-linux-gnu
ac_cv_host_alias=x86_64-unknown-linux-gnu
ac_cv_lib_GLU_gluProject=yes
ac_cv_lib_GL_glBegin=yes
ac_cv_lib_ICE_IceConnectionNumber=yes
ac_cv_lib_c_strtoll=yes
ac_cv_lib_c_strtoull=yes
ac_cv_lib_df_DFSDndataset=no
ac_cv_lib_dl_dlopen=yes
ac_cv_lib_dld_shl_load=no
ac_cv_lib_history_append_history=yes
ac_cv_lib_m_sqrt=yes
ac_cv_lib_ncurses___tputs=yes
ac_cv_lib_readline_readline=yes
ac_cv_lib_vogl_foreground=no
ac_cv_lib_z_inflate=yes
ac_cv_objext=o
ac_cv_path_install='/usr/bin/install -c'
ac_cv_prog_AWK=gawk
ac_cv_prog_CC=gcc
ac_cv_prog_CPP='gcc -E'
ac_cv_prog_F77=gfortran
ac_cv_prog_MAKE=gmake
ac_cv_prog_ac_ct_CC=gcc
ac_cv_prog_ac_ct_CXX=g++
ac_cv_prog_ac_ct_RANLIB=ranlib
ac_cv_prog_cc_g=yes
ac_cv_prog_cc_stdc=
ac_cv_prog_cxx_g=yes
ac_cv_prog_egrep='grep -E'
ac_cv_prog_f77_g=yes
ac_cv_prog_f77_v=-v
ac_cv_prog_gcc_traditional=no
ac_cv_prog_make_make_set=yes
ac_cv_search_cblas_daxpy=-lgslcblas
ac_cv_search_gsl_version=-lgsl
ac_cv_search_opendir='none required'
ac_cv_search_sin=-lm
ac_cv_sizeof_char=1
ac_cv_sizeof_double=8
ac_cv_sizeof_float=4
ac_cv_sizeof_int=4
ac_cv_sizeof_long=8
ac_cv_sizeof_long_double=16
ac_cv_sizeof_long_long=8
ac_cv_sizeof_short=2
ac_cv_struct_tm=time.h
ac_cv_sys_file_offset_bits=no
ac_cv_sys_large_files=no
ac_cv_sys_largefile_CC=no
ac_cv_sys_long_file_names=yes
ac_cv_type_char=yes
ac_cv_type_double=yes
ac_cv_type_float=yes
ac_cv_type_getgroups=gid_t
ac_cv_type_int=yes
ac_cv_type_long=yes
ac_cv_type_long_double=yes
ac_cv_type_long_long=yes
ac_cv_type_off_t=yes
ac_cv_type_pid_t=yes
ac_cv_type_short=yes
ac_cv_type_signal=void
ac_cv_type_size_t=yes
ac_cv_type_uid_t=yes
acx_cv_f77_cmain_fflags=none

## ----------------- ##
## Output variables. ##
## ----------------- ##

AWK='gawk'
CC='gcc'
CCSHARED='-fpic'
CFITSIO_INC=''
CFITSIO_LIB=''
CFLAGS='-g -O2 -D_FILE_OFFSET_BITS=64 -D_LARGEFILE_SOURCE -D_LARGEFILE64_SOURCE'
CPP='gcc -E'
CPPFLAGS=''
CXX='g++'
CXXFLAGS='-g -O2'
DEFS='-DHAVE_CONFIG_H'
ECHO_C=''
ECHO_N='-n'
ECHO_T=''
EGREP='grep -E'
EXEEXT=''
F77='gfortran'
F77_CMAIN_FFLAGS=''
FFLAGS='-g -O2'
FLIBS=' -L/usr/lib/gcc/x86_64-redhat-linux/4.1.2 -L/usr/lib/gcc/x86_64-redhat-linux/4.1.2/../../../../lib64 -L/lib/../lib64 -L/usr/lib/../lib64 -lgfortranbegin -lgfortran -lm -lgcc_s'
GLLIBS='-lGLU -lGL'
GSL_CFLAGS=''
GSL_CONFIG=''
GSL_LIBS=''
HDF_INC=''
HDF_LIB=''
INSTALL_DATA='${INSTALL} -m 644'
INSTALL_PROGRAM='${INSTALL}'
INSTALL_SCRIPT='${INSTALL}'
LDFLAGS=''
LIBOBJS=''
LIBS='-lgsl -lgslcblas -lm -ldl -lc -lc -lz '
LN_S='ln -s'
LOADOBJ_LIBS='-ldl'
LOADOBJ_MACH='-Dlinux -DSYSV'
LTLIBOBJS=''
MACOS_LIBS=''
MAKE='gmake'
MATH_LIBS='-lm'
MIRIAD_INC=''
MIRIAD_LIB=''
NEMO='/home/ricec2/nbody-rebuild/for-colin-and-julie/nemo_cvs'
NEMOHOST='x86_64-unknown-linux-gnu'
NEMOVER='3.3.1'
NEMO_CFLAGS='   -rdynamic'
NEMO_FFLAGS=''
NEMO_LIBS=''
OBJEXT='o'
PACKAGE_BUGREPORT=''
PACKAGE_NAME=''
PACKAGE_STRING=''
PACKAGE_TARNAME=''
PACKAGE_VERSION=''
PATH_SEPARATOR=':'
PGPLOT_DIR='/home/ricec2/nbody-rebuild/for-colin-and-julie/nemo_cvs/lib'
PNG_LIB=''
PVM_INC=''
PVM_LIB=''
RANLIB='ranlib'
RDL_LIBS='-lreadline -lhistory -lncurses'
SET_MAKE=''
SHELL='/bin/sh'
TCL_CFLAGS=''
TCL_LIBS=''
WARNING='Do not edit this file, it has been generated by configure'
XINCS=''
XLIBS=' -L/usr/lib64  -lSM -lICE -lXext -lX11 '
X_CFLAGS=''
X_EXTRA_LIBS=''
X_LIBS=' -L/usr/lib64'
X_PRE_LIBS=' -lSM -lICE'
YAPP_DEF='/xs'
YAPP_LIBS='-L/home/ricec2/nbody-rebuild/for-colin-and-julie/nemo_cvs/lib -lcpgplot -lpgplot   -L/usr/lib64  -lSM -lICE -lXext -lX11   -L/usr/lib/gcc/x86_64-redhat-linux/4.1.2 -L/usr/lib/gcc/x86_64-redhat-linux/4.1.2/../../../../lib64 -L/lib/../lib64 -L/usr/lib/../lib64 -lgfortranbegin -lgfortran -lm -lgcc_s'
YAPP_NAME='pgplot'
ac_ct_CC='gcc'
ac_ct_CXX='g++'
ac_ct_F77=''
ac_ct_RANLIB='ranlib'
bindir='${exec_prefix}/bin'
build='x86_64-unknown-linux-gnu'
build_alias=''
build_cpu='x86_64'
build_os='linux-gnu'
build_vendor='unknown'
datadir='${prefix}/share'
exec_prefix='${prefix}'
host='x86_64-unknown-linux-gnu'
host_alias=''
host_cpu='x86_64'
host_os='linux-gnu'
host_vendor='unknown'
includedir='${prefix}/include'
infodir='${prefix}/info'
libdir='${exec_prefix}/lib'
libexecdir='${exec_prefix}/libexec'
localstatedir='${prefix}/var'
mandir='${prefix}/man'
oldincludedir='/usr/include'
prefix='/usr/local'
program_transform_name='s,x,x,'
sbindir='${exec_prefix}/sbin'
sharedstatedir='${prefix}/com'
sysconfdir='${prefix}/etc'
target_alias=''

## ----------- ##
## confdefs.h. ##
## ----------- ##

#define FORTRANIZE_LOWERCASE_UNDERSCORE 1
#define GETGROUPS_T gid_t
#define HAVE_DIRENT_H 1
#define HAVE_DPRINTF 1
#define HAVE_FCNTL_H 1
#define HAVE_FORK 1
#define HAVE_FTIME 1
#define HAVE_GETHOSTNAME 1
#define HAVE_GETPAGESIZE 1
#define HAVE_GETTIMEOFDAY 1
#define HAVE_GETWD 1
#define HAVE_INTTYPES_H 1
#define HAVE_LIBC 1
#define HAVE_LIBC 1
#define HAVE_LIBDL 1
#define HAVE_LIBHISTORY 1
#define HAVE_LIBPGPLOT 1
#define HAVE_LIBREADLINE 1
#define HAVE_LIBZ 1
#define HAVE_LIMITS_H 1
#define HAVE_LOG2 1
#define HAVE_LONG_FILE_NAMES 1
#define HAVE_MALLOC_H 1
#define HAVE_MEMCPY 1
#define HAVE_MEMORY_H 1
#define HAVE_MKDIR 1
#define HAVE_MMAP 1
#define HAVE_OPENGL 1
#define HAVE_SELECT 1
#define HAVE_SGTTY_H 1
#define HAVE_STDINT_H 1
#define HAVE_STDLIB_H 1
#define HAVE_STDLIB_H 1
#define HAVE_STRCHR 1
#define HAVE_STRDUP 1
#define HAVE_STRINGS_H 1
#define HAVE_STRINGS_H 1
#define HAVE_STRING_H 1
#define HAVE_STRTOD 1
#define HAVE_STRTOL 1
#define HAVE_STRTOUL 1
#define HAVE_SYS_FILE_H 1
#define HAVE_SYS_IOCTL_H 1
#define HAVE_SYS_STAT_H 1
#define HAVE_SYS_TIME_H 1
#define HAVE_SYS_TYPES_H 1
#define HAVE_SYS_WAIT_H 1
#define HAVE_UNISTD_H 1
#define HAVE_UNISTD_H 1
#define HAVE_UNISTD_H 1
#define HAVE_UNISTD_H 1
#define HAVE_VFORK 1
#define HAVE_VPRINTF 1
#define HAVE_WORKING_FORK 1
#define HAVE_WORKING_VFORK 1
#define PACKAGE_BUGREPORT ""
#define PACKAGE_NAME ""
#define PACKAGE_STRING ""
#define PACKAGE_TARNAME ""
#define PACKAGE_VERSION ""
#define RETSIGTYPE void
#define SIZEOF_CHAR 1
#define SIZEOF_DOUBLE 8
#define SIZEOF_FLOAT 4
#define SIZEOF_INT 4
#define SIZEOF_LONG 8
#define SIZEOF_LONG_DOUBLE 16
#define SIZEOF_LONG_LONG 8
#define SIZEOF_SHORT 2
#define STDC_HEADERS 1
#define STDC_HEADERS 1
#define STDC_HEADERS 1
#define TIME_WITH_SYS_TIME 1
#define UNFIO_HDR_SIZE 8
#endif
#ifdef __cplusplus
extern "C" void std::exit (int) throw (); using std::exit;

configure: exit 0
